#
# There is insufficient memory for the Java Runtime Environment to continue.
# Native memory allocation (malloc) failed to allocate 3937040 bytes. Error detail: Chunk::new
# Possible reasons:
#   The system is out of physical RAM or swap space
#   This process is running with CompressedOops enabled, and the Java Heap may be blocking the growth of the native heap
# Possible solutions:
#   Reduce memory load on the system
#   Increase physical memory or swap space
#   Check if swap backing store is full
#   Decrease Java heap size (-Xmx/-Xms)
#   Decrease number of Java threads
#   Decrease Java thread stack sizes (-Xss)
#   Set larger code cache with -XX:ReservedCodeCacheSize=
#   JVM is running with Unscaled Compressed Oops mode in which the Java heap is
#     placed in the first 4GB address space. The Java Heap base address is the
#     maximum limit for the native heap growth. Please use -XX:HeapBaseMinAddress
#     to set the Java Heap base and to place the Java Heap above 4GB virtual address.
# This output file may be truncated or incomplete.
#
#  Out of Memory Error (arena.cpp:162), pid=17288, tid=2996
#
# JRE version: Java(TM) SE Runtime Environment (24.0+36) (build 24+36-3646)
# Java VM: Java HotSpot(TM) 64-Bit Server VM (24+36-3646, mixed mode, sharing, tiered, compressed oops, compressed class ptrs, g1 gc, windows-amd64)
# No core dump will be written. Minidumps are not enabled by default on client versions of Windows
#

---------------  S U M M A R Y ------------

Command Line: -javaagent:D:\IntelliJ IDEA Community Edition 2024.3.5\lib\idea_rt.jar=54948 -Dfile.encoding=UTF-8 -Dsun.stdout.encoding=UTF-8 -Dsun.stderr.encoding=UTF-8 com.microservice.gateway.GatewayApplication

Host: 11th Gen Intel(R) Core(TM) i5-1135G7 @ 2.40GHz, 8 cores, 7G,  Windows 11 , 64 bit Build 22621 (10.0.22621.5262)
Time: Tue May 20 17:18:50 2025 SE Asia Standard Time elapsed time: 0.597026 seconds (0d 0h 0m 0s)

---------------  T H R E A D  ---------------

Current thread (0x00000257e0c87f20):  JavaThread "C2 CompilerThread0" daemon [_thread_in_native, id=2996, stack(0x000000868d400000,0x000000868d500000) (1024K)]


Current CompileTask:
C2:597  819       4       java.io.WinNTFileSystem::normalize (148 bytes)

Stack: [0x000000868d400000,0x000000868d500000]
Native frames: (J=compiled Java code, j=interpreted, Vv=VM code, C=native code)
V  [jvm.dll+0x7308c9]  (no source info available)
V  [jvm.dll+0x8d9ca3]  (no source info available)
V  [jvm.dll+0x8dc13d]  (no source info available)
V  [jvm.dll+0x8dc7b3]  (no source info available)
V  [jvm.dll+0x2aa046]  (no source info available)
V  [jvm.dll+0xced8f]  (no source info available)
V  [jvm.dll+0xcefef]  (no source info available)
V  [jvm.dll+0x154d23]  (no source info available)
V  [jvm.dll+0x7360ef]  (no source info available)
V  [jvm.dll+0x26f9dc]  (no source info available)
V  [jvm.dll+0x26e9ff]  (no source info available)
V  [jvm.dll+0x1e9d00]  (no source info available)
V  [jvm.dll+0x27e1bb]  (no source info available)
V  [jvm.dll+0x27c45a]  (no source info available)
V  [jvm.dll+0x42f566]  (no source info available)
V  [jvm.dll+0x87d8fb]  (no source info available)
V  [jvm.dll+0x72efe5]  (no source info available)
C  [ucrtbase.dll+0x29333]  (no source info available)
C  [KERNEL32.DLL+0x1259d]  (no source info available)
C  [ntdll.dll+0x5af58]  (no source info available)

Lock stack of current Java thread (top to bottom):


---------------  P R O C E S S  ---------------

Threads class SMR info:
_java_thread_list=0x00000258261681e0, length=13, elements={
0x00000257c1b7ee20, 0x00000257e0c73c20, 0x00000257e0c74600, 0x00000257e0c76430,
0x00000257e0c76b70, 0x00000257e0c7e3a0, 0x00000257e0c7efc0, 0x00000257e0c87f20,
0x00000257e0c8fc80, 0x00000258260953f0, 0x000002582616ad20, 0x00000258265c1c10,
0x00000258265c29f0
}

Java Threads: ( => current thread )
  0x00000257c1b7ee20 JavaThread "main"                              [_thread_in_vm, id=23380, stack(0x000000868c600000,0x000000868c700000) (1024K)]
  0x00000257e0c73c20 JavaThread "Reference Handler"          daemon [_thread_blocked, id=22536, stack(0x000000868ce00000,0x000000868cf00000) (1024K)]
  0x00000257e0c74600 JavaThread "Finalizer"                  daemon [_thread_blocked, id=6268, stack(0x000000868cf00000,0x000000868d000000) (1024K)]
  0x00000257e0c76430 JavaThread "Signal Dispatcher"          daemon [_thread_blocked, id=13932, stack(0x000000868d000000,0x000000868d100000) (1024K)]
  0x00000257e0c76b70 JavaThread "Attach Listener"            daemon [_thread_blocked, id=5844, stack(0x000000868d100000,0x000000868d200000) (1024K)]
  0x00000257e0c7e3a0 JavaThread "Service Thread"             daemon [_thread_blocked, id=7744, stack(0x000000868d200000,0x000000868d300000) (1024K)]
  0x00000257e0c7efc0 JavaThread "Monitor Deflation Thread"   daemon [_thread_blocked, id=21200, stack(0x000000868d300000,0x000000868d400000) (1024K)]
=>0x00000257e0c87f20 JavaThread "C2 CompilerThread0"         daemon [_thread_in_native, id=2996, stack(0x000000868d400000,0x000000868d500000) (1024K)]
  0x00000257e0c8fc80 JavaThread "C1 CompilerThread0"         daemon [_thread_in_native, id=11900, stack(0x000000868d500000,0x000000868d600000) (1024K)]
  0x00000258260953f0 JavaThread "Common-Cleaner"             daemon [_thread_blocked, id=1532, stack(0x000000868d600000,0x000000868d700000) (1024K)]
  0x000002582616ad20 JavaThread "C2 CompilerThread1"         daemon [_thread_in_native, id=12700, stack(0x000000868d700000,0x000000868d800000) (1024K)]
  0x00000258265c1c10 JavaThread "Monitor Ctrl-Break"         daemon [_thread_in_native, id=22392, stack(0x000000868d800000,0x000000868d900000) (1024K)]
  0x00000258265c29f0 JavaThread "Notification Thread"        daemon [_thread_blocked, id=20548, stack(0x000000868d900000,0x000000868da00000) (1024K)]
Total: 13

Other Threads:
  0x00000257e0c65ad0 VMThread "VM Thread"                           [id=20868, stack(0x000000868cd00000,0x000000868ce00000) (1024K)]
  0x00000257e0c56620 WatcherThread "VM Periodic Task Thread"        [id=23408, stack(0x000000868cc00000,0x000000868cd00000) (1024K)]
  0x00000257c3de2760 WorkerThread "GC Thread#0"                     [id=12888, stack(0x000000868c700000,0x000000868c800000) (1024K)]
  0x00000257c3e32010 ConcurrentGCThread "G1 Main Marker"            [id=21812, stack(0x000000868c800000,0x000000868c900000) (1024K)]
  0x00000257c3e32b20 WorkerThread "G1 Conc#0"                       [id=6332, stack(0x000000868c900000,0x000000868ca00000) (1024K)]
  0x00000257e0b168f0 ConcurrentGCThread "G1 Refine#0"               [id=13140, stack(0x000000868ca00000,0x000000868cb00000) (1024K)]
  0x00000257e0b18320 ConcurrentGCThread "G1 Service"                [id=17828, stack(0x000000868cb00000,0x000000868cc00000) (1024K)]
Total: 7

Threads with active compile tasks:
C2 CompilerThread0  654  819       4       java.io.WinNTFileSystem::normalize (148 bytes)
C1 CompilerThread0  654  910       3       java.lang.Character::digit (10 bytes)
C2 CompilerThread1  654  858   !   4       java.util.jar.Attributes::read (494 bytes)
Total: 3

VM state: not at safepoint (normal execution)

VM Mutex/Monitor currently owned by a thread: None

Heap address: 0x0000000083600000, size: 1994 MB, Compressed Oops mode: 32-bit

CDS archive(s) mapped at: [0x00000257e1000000-0x00000257e1d40000-0x00000257e1d40000), size 13893632, SharedBaseAddress: 0x00000257e1000000, ArchiveRelocationMode: 1.
Compressed class space mapped at: 0x00000257e2000000-0x0000025822000000, reserved size: 1073741824
UseCompressedClassPointers 1, UseCompactObjectHeaders 0
Narrow klass pointer bits 32, Max shift 3
Narrow klass base: 0x00000257e1000000, Narrow klass shift: 0
Encoding Range: [0x00000257e1000000 - 0x00000258e1000000), (4294967296 bytes)
Klass Range:    [0x00000257e1000000 - 0x0000025822000000), (1090519040 bytes)
Klass ID Range:  [8 - 1090519033) (1090519025)

GC Precious Log:
 CardTable entry size: 512
 Card Set container configuration: InlinePtr #cards 5 size 8 Array Of Cards #cards 10 size 36 Howl #buckets 4 coarsen threshold 1843 Howl Bitmap #cards 512 size 80 coarsen threshold 460 Card regions per heap region 1 cards per card region 2048
 CPUs: 8 total, 8 available
 Memory: 7975M
 Large Page Support: Disabled
 NUMA Support: Disabled
 Compressed Oops: Enabled (32-bit)
 Heap Region Size: 1M
 Heap Min Capacity: 8M
 Heap Initial Capacity: 126M
 Heap Max Capacity: 1994M
 Pre-touch: Disabled
 Parallel Workers: 8
 Concurrent Workers: 2
 Concurrent Refinement Workers: 8
 Periodic GC: Disabled

Heap:
 garbage-first heap   total reserved 2041856K, committed 131072K, used 28788K [0x0000000083600000, 0x0000000100000000)
  region size 1024K, 22 young (22528K), 0 survivors (0K)
 Metaspace       used 3422K, committed 3520K, reserved 1114112K
  class space    used 256K, committed 320K, reserved 1048576K

Heap Regions: E=young(eden), S=young(survivor), O=old, HS=humongous(starts), HC=humongous(continues), CS=collection set, F=free, TAMS=top-at-mark-start, PB=parsable bottom
|   0|0x0000000083600000, 0x0000000083700000, 0x0000000083700000|100%|HS|  |TAMS 0x0000000083600000| PB 0x0000000083600000| Complete |  0
|   1|0x0000000083700000, 0x0000000083800000, 0x0000000083800000|100%|HS|  |TAMS 0x0000000083700000| PB 0x0000000083700000| Complete |  0
|   2|0x0000000083800000, 0x0000000083900000, 0x0000000083900000|100%|HS|  |TAMS 0x0000000083800000| PB 0x0000000083800000| Complete |  0
|   3|0x0000000083900000, 0x0000000083a00000, 0x0000000083a00000|100%|HS|  |TAMS 0x0000000083900000| PB 0x0000000083900000| Complete |  0
|   4|0x0000000083a00000, 0x0000000083b00000, 0x0000000083b00000|100%|HS|  |TAMS 0x0000000083a00000| PB 0x0000000083a00000| Complete |  0
|   5|0x0000000083b00000, 0x0000000083c00000, 0x0000000083c00000|100%|HS|  |TAMS 0x0000000083b00000| PB 0x0000000083b00000| Complete |  0
|   6|0x0000000083c00000, 0x0000000083c00000, 0x0000000083d00000|  0%| F|  |TAMS 0x0000000083c00000| PB 0x0000000083c00000| Untracked |  0
|   7|0x0000000083d00000, 0x0000000083d00000, 0x0000000083e00000|  0%| F|  |TAMS 0x0000000083d00000| PB 0x0000000083d00000| Untracked |  0
|   8|0x0000000083e00000, 0x0000000083e00000, 0x0000000083f00000|  0%| F|  |TAMS 0x0000000083e00000| PB 0x0000000083e00000| Untracked |  0
|   9|0x0000000083f00000, 0x0000000083f00000, 0x0000000084000000|  0%| F|  |TAMS 0x0000000083f00000| PB 0x0000000083f00000| Untracked |  0
|  10|0x0000000084000000, 0x0000000084000000, 0x0000000084100000|  0%| F|  |TAMS 0x0000000084000000| PB 0x0000000084000000| Untracked |  0
|  11|0x0000000084100000, 0x0000000084100000, 0x0000000084200000|  0%| F|  |TAMS 0x0000000084100000| PB 0x0000000084100000| Untracked |  0
|  12|0x0000000084200000, 0x0000000084200000, 0x0000000084300000|  0%| F|  |TAMS 0x0000000084200000| PB 0x0000000084200000| Untracked |  0
|  13|0x0000000084300000, 0x0000000084300000, 0x0000000084400000|  0%| F|  |TAMS 0x0000000084300000| PB 0x0000000084300000| Untracked |  0
|  14|0x0000000084400000, 0x0000000084400000, 0x0000000084500000|  0%| F|  |TAMS 0x0000000084400000| PB 0x0000000084400000| Untracked |  0
|  15|0x0000000084500000, 0x0000000084500000, 0x0000000084600000|  0%| F|  |TAMS 0x0000000084500000| PB 0x0000000084500000| Untracked |  0
|  16|0x0000000084600000, 0x0000000084600000, 0x0000000084700000|  0%| F|  |TAMS 0x0000000084600000| PB 0x0000000084600000| Untracked |  0
|  17|0x0000000084700000, 0x0000000084700000, 0x0000000084800000|  0%| F|  |TAMS 0x0000000084700000| PB 0x0000000084700000| Untracked |  0
|  18|0x0000000084800000, 0x0000000084800000, 0x0000000084900000|  0%| F|  |TAMS 0x0000000084800000| PB 0x0000000084800000| Untracked |  0
|  19|0x0000000084900000, 0x0000000084900000, 0x0000000084a00000|  0%| F|  |TAMS 0x0000000084900000| PB 0x0000000084900000| Untracked |  0
|  20|0x0000000084a00000, 0x0000000084a00000, 0x0000000084b00000|  0%| F|  |TAMS 0x0000000084a00000| PB 0x0000000084a00000| Untracked |  0
|  21|0x0000000084b00000, 0x0000000084b00000, 0x0000000084c00000|  0%| F|  |TAMS 0x0000000084b00000| PB 0x0000000084b00000| Untracked |  0
|  22|0x0000000084c00000, 0x0000000084c00000, 0x0000000084d00000|  0%| F|  |TAMS 0x0000000084c00000| PB 0x0000000084c00000| Untracked |  0
|  23|0x0000000084d00000, 0x0000000084d00000, 0x0000000084e00000|  0%| F|  |TAMS 0x0000000084d00000| PB 0x0000000084d00000| Untracked |  0
|  24|0x0000000084e00000, 0x0000000084e00000, 0x0000000084f00000|  0%| F|  |TAMS 0x0000000084e00000| PB 0x0000000084e00000| Untracked |  0
|  25|0x0000000084f00000, 0x0000000084f00000, 0x0000000085000000|  0%| F|  |TAMS 0x0000000084f00000| PB 0x0000000084f00000| Untracked |  0
|  26|0x0000000085000000, 0x0000000085000000, 0x0000000085100000|  0%| F|  |TAMS 0x0000000085000000| PB 0x0000000085000000| Untracked |  0
|  27|0x0000000085100000, 0x0000000085100000, 0x0000000085200000|  0%| F|  |TAMS 0x0000000085100000| PB 0x0000000085100000| Untracked |  0
|  28|0x0000000085200000, 0x0000000085200000, 0x0000000085300000|  0%| F|  |TAMS 0x0000000085200000| PB 0x0000000085200000| Untracked |  0
|  29|0x0000000085300000, 0x0000000085300000, 0x0000000085400000|  0%| F|  |TAMS 0x0000000085300000| PB 0x0000000085300000| Untracked |  0
|  30|0x0000000085400000, 0x0000000085400000, 0x0000000085500000|  0%| F|  |TAMS 0x0000000085400000| PB 0x0000000085400000| Untracked |  0
|  31|0x0000000085500000, 0x0000000085500000, 0x0000000085600000|  0%| F|  |TAMS 0x0000000085500000| PB 0x0000000085500000| Untracked |  0
|  32|0x0000000085600000, 0x0000000085600000, 0x0000000085700000|  0%| F|  |TAMS 0x0000000085600000| PB 0x0000000085600000| Untracked |  0
|  33|0x0000000085700000, 0x0000000085700000, 0x0000000085800000|  0%| F|  |TAMS 0x0000000085700000| PB 0x0000000085700000| Untracked |  0
|  34|0x0000000085800000, 0x0000000085800000, 0x0000000085900000|  0%| F|  |TAMS 0x0000000085800000| PB 0x0000000085800000| Untracked |  0
|  35|0x0000000085900000, 0x0000000085900000, 0x0000000085a00000|  0%| F|  |TAMS 0x0000000085900000| PB 0x0000000085900000| Untracked |  0
|  36|0x0000000085a00000, 0x0000000085a00000, 0x0000000085b00000|  0%| F|  |TAMS 0x0000000085a00000| PB 0x0000000085a00000| Untracked |  0
|  37|0x0000000085b00000, 0x0000000085b00000, 0x0000000085c00000|  0%| F|  |TAMS 0x0000000085b00000| PB 0x0000000085b00000| Untracked |  0
|  38|0x0000000085c00000, 0x0000000085c00000, 0x0000000085d00000|  0%| F|  |TAMS 0x0000000085c00000| PB 0x0000000085c00000| Untracked |  0
|  39|0x0000000085d00000, 0x0000000085d00000, 0x0000000085e00000|  0%| F|  |TAMS 0x0000000085d00000| PB 0x0000000085d00000| Untracked |  0
|  40|0x0000000085e00000, 0x0000000085e00000, 0x0000000085f00000|  0%| F|  |TAMS 0x0000000085e00000| PB 0x0000000085e00000| Untracked |  0
|  41|0x0000000085f00000, 0x0000000085f00000, 0x0000000086000000|  0%| F|  |TAMS 0x0000000085f00000| PB 0x0000000085f00000| Untracked |  0
|  42|0x0000000086000000, 0x0000000086000000, 0x0000000086100000|  0%| F|  |TAMS 0x0000000086000000| PB 0x0000000086000000| Untracked |  0
|  43|0x0000000086100000, 0x0000000086100000, 0x0000000086200000|  0%| F|  |TAMS 0x0000000086100000| PB 0x0000000086100000| Untracked |  0
|  44|0x0000000086200000, 0x0000000086200000, 0x0000000086300000|  0%| F|  |TAMS 0x0000000086200000| PB 0x0000000086200000| Untracked |  0
|  45|0x0000000086300000, 0x0000000086300000, 0x0000000086400000|  0%| F|  |TAMS 0x0000000086300000| PB 0x0000000086300000| Untracked |  0
|  46|0x0000000086400000, 0x0000000086400000, 0x0000000086500000|  0%| F|  |TAMS 0x0000000086400000| PB 0x0000000086400000| Untracked |  0
|  47|0x0000000086500000, 0x0000000086500000, 0x0000000086600000|  0%| F|  |TAMS 0x0000000086500000| PB 0x0000000086500000| Untracked |  0
|  48|0x0000000086600000, 0x0000000086600000, 0x0000000086700000|  0%| F|  |TAMS 0x0000000086600000| PB 0x0000000086600000| Untracked |  0
|  49|0x0000000086700000, 0x0000000086700000, 0x0000000086800000|  0%| F|  |TAMS 0x0000000086700000| PB 0x0000000086700000| Untracked |  0
|  50|0x0000000086800000, 0x0000000086800000, 0x0000000086900000|  0%| F|  |TAMS 0x0000000086800000| PB 0x0000000086800000| Untracked |  0
|  51|0x0000000086900000, 0x0000000086900000, 0x0000000086a00000|  0%| F|  |TAMS 0x0000000086900000| PB 0x0000000086900000| Untracked |  0
|  52|0x0000000086a00000, 0x0000000086a00000, 0x0000000086b00000|  0%| F|  |TAMS 0x0000000086a00000| PB 0x0000000086a00000| Untracked |  0
|  53|0x0000000086b00000, 0x0000000086b00000, 0x0000000086c00000|  0%| F|  |TAMS 0x0000000086b00000| PB 0x0000000086b00000| Untracked |  0
|  54|0x0000000086c00000, 0x0000000086c00000, 0x0000000086d00000|  0%| F|  |TAMS 0x0000000086c00000| PB 0x0000000086c00000| Untracked |  0
|  55|0x0000000086d00000, 0x0000000086d00000, 0x0000000086e00000|  0%| F|  |TAMS 0x0000000086d00000| PB 0x0000000086d00000| Untracked |  0
|  56|0x0000000086e00000, 0x0000000086e00000, 0x0000000086f00000|  0%| F|  |TAMS 0x0000000086e00000| PB 0x0000000086e00000| Untracked |  0
|  57|0x0000000086f00000, 0x0000000086f00000, 0x0000000087000000|  0%| F|  |TAMS 0x0000000086f00000| PB 0x0000000086f00000| Untracked |  0
|  58|0x0000000087000000, 0x0000000087000000, 0x0000000087100000|  0%| F|  |TAMS 0x0000000087000000| PB 0x0000000087000000| Untracked |  0
|  59|0x0000000087100000, 0x0000000087100000, 0x0000000087200000|  0%| F|  |TAMS 0x0000000087100000| PB 0x0000000087100000| Untracked |  0
|  60|0x0000000087200000, 0x0000000087200000, 0x0000000087300000|  0%| F|  |TAMS 0x0000000087200000| PB 0x0000000087200000| Untracked |  0
|  61|0x0000000087300000, 0x0000000087300000, 0x0000000087400000|  0%| F|  |TAMS 0x0000000087300000| PB 0x0000000087300000| Untracked |  0
|  62|0x0000000087400000, 0x0000000087400000, 0x0000000087500000|  0%| F|  |TAMS 0x0000000087400000| PB 0x0000000087400000| Untracked |  0
|  63|0x0000000087500000, 0x0000000087500000, 0x0000000087600000|  0%| F|  |TAMS 0x0000000087500000| PB 0x0000000087500000| Untracked |  0
|  64|0x0000000087600000, 0x0000000087600000, 0x0000000087700000|  0%| F|  |TAMS 0x0000000087600000| PB 0x0000000087600000| Untracked |  0
|  65|0x0000000087700000, 0x0000000087700000, 0x0000000087800000|  0%| F|  |TAMS 0x0000000087700000| PB 0x0000000087700000| Untracked |  0
|  66|0x0000000087800000, 0x0000000087800000, 0x0000000087900000|  0%| F|  |TAMS 0x0000000087800000| PB 0x0000000087800000| Untracked |  0
|  67|0x0000000087900000, 0x0000000087900000, 0x0000000087a00000|  0%| F|  |TAMS 0x0000000087900000| PB 0x0000000087900000| Untracked |  0
|  68|0x0000000087a00000, 0x0000000087a00000, 0x0000000087b00000|  0%| F|  |TAMS 0x0000000087a00000| PB 0x0000000087a00000| Untracked |  0
|  69|0x0000000087b00000, 0x0000000087b00000, 0x0000000087c00000|  0%| F|  |TAMS 0x0000000087b00000| PB 0x0000000087b00000| Untracked |  0
|  70|0x0000000087c00000, 0x0000000087c00000, 0x0000000087d00000|  0%| F|  |TAMS 0x0000000087c00000| PB 0x0000000087c00000| Untracked |  0
|  71|0x0000000087d00000, 0x0000000087d00000, 0x0000000087e00000|  0%| F|  |TAMS 0x0000000087d00000| PB 0x0000000087d00000| Untracked |  0
|  72|0x0000000087e00000, 0x0000000087e00000, 0x0000000087f00000|  0%| F|  |TAMS 0x0000000087e00000| PB 0x0000000087e00000| Untracked |  0
|  73|0x0000000087f00000, 0x0000000087f00000, 0x0000000088000000|  0%| F|  |TAMS 0x0000000087f00000| PB 0x0000000087f00000| Untracked |  0
|  74|0x0000000088000000, 0x0000000088000000, 0x0000000088100000|  0%| F|  |TAMS 0x0000000088000000| PB 0x0000000088000000| Untracked |  0
|  75|0x0000000088100000, 0x0000000088100000, 0x0000000088200000|  0%| F|  |TAMS 0x0000000088100000| PB 0x0000000088100000| Untracked |  0
|  76|0x0000000088200000, 0x0000000088200000, 0x0000000088300000|  0%| F|  |TAMS 0x0000000088200000| PB 0x0000000088200000| Untracked |  0
|  77|0x0000000088300000, 0x0000000088300000, 0x0000000088400000|  0%| F|  |TAMS 0x0000000088300000| PB 0x0000000088300000| Untracked |  0
|  78|0x0000000088400000, 0x0000000088400000, 0x0000000088500000|  0%| F|  |TAMS 0x0000000088400000| PB 0x0000000088400000| Untracked |  0
|  79|0x0000000088500000, 0x0000000088500000, 0x0000000088600000|  0%| F|  |TAMS 0x0000000088500000| PB 0x0000000088500000| Untracked |  0
|  80|0x0000000088600000, 0x0000000088600000, 0x0000000088700000|  0%| F|  |TAMS 0x0000000088600000| PB 0x0000000088600000| Untracked |  0
|  81|0x0000000088700000, 0x0000000088700000, 0x0000000088800000|  0%| F|  |TAMS 0x0000000088700000| PB 0x0000000088700000| Untracked |  0
|  82|0x0000000088800000, 0x0000000088800000, 0x0000000088900000|  0%| F|  |TAMS 0x0000000088800000| PB 0x0000000088800000| Untracked |  0
|  83|0x0000000088900000, 0x0000000088900000, 0x0000000088a00000|  0%| F|  |TAMS 0x0000000088900000| PB 0x0000000088900000| Untracked |  0
|  84|0x0000000088a00000, 0x0000000088a00000, 0x0000000088b00000|  0%| F|  |TAMS 0x0000000088a00000| PB 0x0000000088a00000| Untracked |  0
|  85|0x0000000088b00000, 0x0000000088b00000, 0x0000000088c00000|  0%| F|  |TAMS 0x0000000088b00000| PB 0x0000000088b00000| Untracked |  0
|  86|0x0000000088c00000, 0x0000000088c00000, 0x0000000088d00000|  0%| F|  |TAMS 0x0000000088c00000| PB 0x0000000088c00000| Untracked |  0
|  87|0x0000000088d00000, 0x0000000088d00000, 0x0000000088e00000|  0%| F|  |TAMS 0x0000000088d00000| PB 0x0000000088d00000| Untracked |  0
|  88|0x0000000088e00000, 0x0000000088e00000, 0x0000000088f00000|  0%| F|  |TAMS 0x0000000088e00000| PB 0x0000000088e00000| Untracked |  0
|  89|0x0000000088f00000, 0x0000000088f00000, 0x0000000089000000|  0%| F|  |TAMS 0x0000000088f00000| PB 0x0000000088f00000| Untracked |  0
|  90|0x0000000089000000, 0x0000000089000000, 0x0000000089100000|  0%| F|  |TAMS 0x0000000089000000| PB 0x0000000089000000| Untracked |  0
|  91|0x0000000089100000, 0x0000000089100000, 0x0000000089200000|  0%| F|  |TAMS 0x0000000089100000| PB 0x0000000089100000| Untracked |  0
|  92|0x0000000089200000, 0x0000000089200000, 0x0000000089300000|  0%| F|  |TAMS 0x0000000089200000| PB 0x0000000089200000| Untracked |  0
|  93|0x0000000089300000, 0x0000000089300000, 0x0000000089400000|  0%| F|  |TAMS 0x0000000089300000| PB 0x0000000089300000| Untracked |  0
|  94|0x0000000089400000, 0x0000000089400000, 0x0000000089500000|  0%| F|  |TAMS 0x0000000089400000| PB 0x0000000089400000| Untracked |  0
|  95|0x0000000089500000, 0x0000000089500000, 0x0000000089600000|  0%| F|  |TAMS 0x0000000089500000| PB 0x0000000089500000| Untracked |  0
|  96|0x0000000089600000, 0x0000000089600000, 0x0000000089700000|  0%| F|  |TAMS 0x0000000089600000| PB 0x0000000089600000| Untracked |  0
|  97|0x0000000089700000, 0x0000000089700000, 0x0000000089800000|  0%| F|  |TAMS 0x0000000089700000| PB 0x0000000089700000| Untracked |  0
|  98|0x0000000089800000, 0x0000000089800000, 0x0000000089900000|  0%| F|  |TAMS 0x0000000089800000| PB 0x0000000089800000| Untracked |  0
|  99|0x0000000089900000, 0x0000000089900000, 0x0000000089a00000|  0%| F|  |TAMS 0x0000000089900000| PB 0x0000000089900000| Untracked |  0
| 100|0x0000000089a00000, 0x0000000089a00000, 0x0000000089b00000|  0%| F|  |TAMS 0x0000000089a00000| PB 0x0000000089a00000| Untracked |  0
| 101|0x0000000089b00000, 0x0000000089b00000, 0x0000000089c00000|  0%| F|  |TAMS 0x0000000089b00000| PB 0x0000000089b00000| Untracked |  0
| 102|0x0000000089c00000, 0x0000000089c00000, 0x0000000089d00000|  0%| F|  |TAMS 0x0000000089c00000| PB 0x0000000089c00000| Untracked |  0
| 103|0x0000000089d00000, 0x0000000089d00000, 0x0000000089e00000|  0%| F|  |TAMS 0x0000000089d00000| PB 0x0000000089d00000| Untracked |  0
| 104|0x0000000089e00000, 0x0000000089f00000, 0x0000000089f00000|100%| E|  |TAMS 0x0000000089e00000| PB 0x0000000089e00000| Complete |  0
| 105|0x0000000089f00000, 0x000000008a000000, 0x000000008a000000|100%| E|CS|TAMS 0x0000000089f00000| PB 0x0000000089f00000| Complete |  0
| 106|0x000000008a000000, 0x000000008a100000, 0x000000008a100000|100%| E|CS|TAMS 0x000000008a000000| PB 0x000000008a000000| Complete |  0
| 107|0x000000008a100000, 0x000000008a200000, 0x000000008a200000|100%| E|CS|TAMS 0x000000008a100000| PB 0x000000008a100000| Complete |  0
| 108|0x000000008a200000, 0x000000008a300000, 0x000000008a300000|100%| E|CS|TAMS 0x000000008a200000| PB 0x000000008a200000| Complete |  0
| 109|0x000000008a300000, 0x000000008a400000, 0x000000008a400000|100%| E|CS|TAMS 0x000000008a300000| PB 0x000000008a300000| Complete |  0
| 110|0x000000008a400000, 0x000000008a500000, 0x000000008a500000|100%| E|CS|TAMS 0x000000008a400000| PB 0x000000008a400000| Complete |  0
| 111|0x000000008a500000, 0x000000008a600000, 0x000000008a600000|100%| E|CS|TAMS 0x000000008a500000| PB 0x000000008a500000| Complete |  0
| 112|0x000000008a600000, 0x000000008a700000, 0x000000008a700000|100%| E|CS|TAMS 0x000000008a600000| PB 0x000000008a600000| Complete |  0
| 113|0x000000008a700000, 0x000000008a800000, 0x000000008a800000|100%| E|CS|TAMS 0x000000008a700000| PB 0x000000008a700000| Complete |  0
| 114|0x000000008a800000, 0x000000008a900000, 0x000000008a900000|100%| E|CS|TAMS 0x000000008a800000| PB 0x000000008a800000| Complete |  0
| 115|0x000000008a900000, 0x000000008aa00000, 0x000000008aa00000|100%| E|CS|TAMS 0x000000008a900000| PB 0x000000008a900000| Complete |  0
| 116|0x000000008aa00000, 0x000000008ab00000, 0x000000008ab00000|100%| E|CS|TAMS 0x000000008aa00000| PB 0x000000008aa00000| Complete |  0
| 117|0x000000008ab00000, 0x000000008ac00000, 0x000000008ac00000|100%| E|CS|TAMS 0x000000008ab00000| PB 0x000000008ab00000| Complete |  0
| 118|0x000000008ac00000, 0x000000008ad00000, 0x000000008ad00000|100%| E|CS|TAMS 0x000000008ac00000| PB 0x000000008ac00000| Complete |  0
| 119|0x000000008ad00000, 0x000000008ae00000, 0x000000008ae00000|100%| E|CS|TAMS 0x000000008ad00000| PB 0x000000008ad00000| Complete |  0
| 120|0x000000008ae00000, 0x000000008af00000, 0x000000008af00000|100%| E|CS|TAMS 0x000000008ae00000| PB 0x000000008ae00000| Complete |  0
| 121|0x000000008af00000, 0x000000008b000000, 0x000000008b000000|100%| E|CS|TAMS 0x000000008af00000| PB 0x000000008af00000| Complete |  0
| 122|0x000000008b000000, 0x000000008b100000, 0x000000008b100000|100%| E|CS|TAMS 0x000000008b000000| PB 0x000000008b000000| Complete |  0
| 123|0x000000008b100000, 0x000000008b200000, 0x000000008b200000|100%| E|CS|TAMS 0x000000008b100000| PB 0x000000008b100000| Complete |  0
| 124|0x000000008b200000, 0x000000008b300000, 0x000000008b300000|100%| E|CS|TAMS 0x000000008b200000| PB 0x000000008b200000| Complete |  0
| 125|0x000000008b300000, 0x000000008b400000, 0x000000008b400000|100%| E|CS|TAMS 0x000000008b300000| PB 0x000000008b300000| Complete |  0
|1992|0x00000000ffe00000, 0x00000000fff00000, 0x00000000fff00000|100%| O|  |TAMS 0x00000000ffe00000| PB 0x00000000ffe00000| Untracked |  0
|1993|0x00000000fff00000, 0x00000000fff1d3c0, 0x0000000100000000| 11%| O|  |TAMS 0x00000000fff00000| PB 0x00000000fff00000| Untracked |  0

Card table byte_map: [0x00000257dbe50000,0x00000257dc240000] _byte_map_base: 0x00000257dba35000

Marking Bits: (CMBitMap*) 0x00000257c3de2e70
 Bits: [0x00000257dc240000, 0x00000257de168000)

Polling page: 0x00000257c1d70000

Metaspace:

Usage:
  Non-class:      3.14 MB used.
      Class:    261.61 KB used.
       Both:      3.40 MB used.

Virtual space:
  Non-class space:       64.00 MB reserved,       3.19 MB (  5%) committed,  1 nodes.
      Class space:        1.00 GB reserved,     384.00 KB ( <1%) committed,  1 nodes.
             Both:        1.06 GB reserved,       3.56 MB ( <1%) committed. 

Chunk freelists:
   Non-Class:  10.82 MB
       Class:  15.62 MB
        Both:  26.44 MB

MaxMetaspaceSize: unlimited
CompressedClassSpaceSize: 1.00 GB
Initial GC threshold: 21.00 MB
Current GC threshold: 21.00 MB
CDS: on
 - commit_granule_bytes: 65536.
 - commit_granule_words: 8192.
 - virtual_space_node_default_size: 8388608.
 - enlarge_chunks_in_place: 1.
UseCompressedClassPointers 1, UseCompactObjectHeaders 0
Narrow klass pointer bits 32, Max shift 3
Narrow klass base: 0x00000257e1000000, Narrow klass shift: 0
Encoding Range: [0x00000257e1000000 - 0x00000258e1000000), (4294967296 bytes)
Klass Range:    [0x00000257e1000000 - 0x0000025822000000), (1090519040 bytes)
Klass ID Range:  [8 - 1090519033) (1090519025)


Internal statistics:

num_allocs_failed_limit: 0.
num_arena_births: 54.
num_arena_deaths: 0.
num_vsnodes_births: 2.
num_vsnodes_deaths: 0.
num_space_committed: 57.
num_space_uncommitted: 0.
num_chunks_returned_to_freelist: 0.
num_chunks_taken_from_freelist: 124.
num_chunk_merges: 0.
num_chunk_splits: 78.
num_chunks_enlarged: 53.
num_inconsistent_stats: 0.

CodeHeap 'non-profiled nmethods': size=120064Kb used=299Kb max_used=299Kb free=119765Kb
 bounds [0x00000257d40e0000, 0x00000257d4350000, 0x00000257db620000]
CodeHeap 'profiled nmethods': size=120000Kb used=1262Kb max_used=1262Kb free=118737Kb
 bounds [0x00000257cc620000, 0x00000257cc890000, 0x00000257d3b50000]
CodeHeap 'non-nmethods': size=5696Kb used=1397Kb max_used=1397Kb free=4298Kb
 bounds [0x00000257d3b50000, 0x00000257d3dc0000, 0x00000257d40e0000]
CodeCache: size=245760Kb, used=2958Kb, max_used=2958Kb, free=242800Kb
 total_blobs=1360, nmethods=905, adapters=360, full_count=0
Compilation: enabled, stopped_count=0, restarted_count=0

Compilation events (20 events):
Event: 0.576 Thread 0x00000257e0c8fc80  846       3       java.util.jar.Attributes::<init> (13 bytes)
Event: 0.576 Thread 0x00000257e0c8fc80 nmethod 846 0x00000257cc73ca88 code [0x00000257cc73cbc0, 0x00000257cc73cdb0]
Event: 0.576 Thread 0x00000257e0c8fc80  851       3       java.io.OutputStream::<init> (5 bytes)
Event: 0.577 Thread 0x00000257e0c8fc80 nmethod 851 0x00000257cc73ce08 code [0x00000257cc73cf20, 0x00000257cc73d080]
Event: 0.577 Thread 0x00000257e0c8fc80  852       3       java.util.LinkedHashMap::<init> (16 bytes)
Event: 0.577 Thread 0x00000257e0c8fc80 nmethod 852 0x00000257cc73d108 code [0x00000257cc73d260, 0x00000257cc73d418]
Event: 0.577 Thread 0x00000257e0c8fc80  853       3       java.io.ByteArrayOutputStream::<init> (43 bytes)
Event: 0.577 Thread 0x00000257e0c8fc80 nmethod 853 0x00000257cc73d488 code [0x00000257cc73d640, 0x00000257cc73e030]
Event: 0.577 Thread 0x00000257e0c8fc80  854       3       java.util.jar.Manifest::parseName (84 bytes)
Event: 0.577 Thread 0x00000257e0c8fc80 nmethod 854 0x00000257cc73e108 code [0x00000257cc73e280, 0x00000257cc73e960]
Event: 0.577 Thread 0x00000257e0c8fc80  855       3       java.util.jar.Attributes::size (10 bytes)
Event: 0.578 Thread 0x00000257e0c8fc80 nmethod 855 0x00000257cc73e988 code [0x00000257cc73eaa0, 0x00000257cc73ec70]
Event: 0.578 Thread 0x00000257e0c8fc80  856       3       java.lang.String::<init> (16 bytes)
Event: 0.578 Thread 0x00000257e0c8fc80 nmethod 856 0x00000257cc73ec88 code [0x00000257cc73edc0, 0x00000257cc73f068]
Event: 0.582 Thread 0x000002582616ad20 nmethod 832 0x00000257d4128a88 code [0x00000257d4128be0, 0x00000257d41293d8]
Event: 0.582 Thread 0x000002582616ad20  858   !   4       java.util.jar.Attributes::read (494 bytes)
Event: 0.587 Thread 0x00000257e0c8fc80  862       3       java.util.jar.Manifest$FastInputStream::readLine (296 bytes)
Event: 0.588 Thread 0x00000257e0c8fc80 nmethod 862 0x00000257cc73f088 code [0x00000257cc73f220, 0x00000257cc73fa48]
Event: 0.594 Thread 0x00000257e0c8fc80  864       3       java.util.ArrayList$Itr::hasNext (20 bytes)
Event: 0.595 Thread 0x00000257e0c8fc80 nmethod 864 0x00000257cc73fa88 code [0x00000257cc73fba0, 0x00000257cc73fd08]

GC Heap History (0 events):
No events

Dll operation events (9 events):
Event: 0.012 Loaded shared library C:\Program Files\Java\jdk-24\bin\java.dll
Event: 0.050 Loaded shared library C:\Program Files\Java\jdk-24\bin\jsvml.dll
Event: 0.191 Loaded shared library C:\Program Files\Java\jdk-24\bin\zip.dll
Event: 0.194 Loaded shared library C:\Program Files\Java\jdk-24\bin\instrument.dll
Event: 0.201 Loaded shared library C:\Program Files\Java\jdk-24\bin\net.dll
Event: 0.203 Loaded shared library C:\Program Files\Java\jdk-24\bin\nio.dll
Event: 0.207 Loaded shared library C:\Program Files\Java\jdk-24\bin\zip.dll
Event: 0.364 Loaded shared library C:\Program Files\Java\jdk-24\bin\extnet.dll
Event: 0.394 Loaded shared library C:\Program Files\Java\jdk-24\bin\jimage.dll

Deoptimization events (20 events):
Event: 0.588 Thread 0x00000257c1b7ee20 DEOPT PACKING pc=0x00000257cc73f8f8 sp=0x000000868c6fd200
Event: 0.588 Thread 0x00000257c1b7ee20 DEOPT UNPACKING pc=0x00000257d3ba6642 sp=0x000000868c6fc690 mode 0
Event: 0.588 Thread 0x00000257c1b7ee20 DEOPT PACKING pc=0x00000257cc73f8f8 sp=0x000000868c6fd050
Event: 0.588 Thread 0x00000257c1b7ee20 DEOPT UNPACKING pc=0x00000257d3ba6642 sp=0x000000868c6fc4e0 mode 0
Event: 0.588 Thread 0x00000257c1b7ee20 DEOPT PACKING pc=0x00000257cc73f8f8 sp=0x000000868c6fd200
Event: 0.588 Thread 0x00000257c1b7ee20 DEOPT UNPACKING pc=0x00000257d3ba6642 sp=0x000000868c6fc690 mode 0
Event: 0.588 Thread 0x00000257c1b7ee20 DEOPT PACKING pc=0x00000257cc73f8f8 sp=0x000000868c6fd200
Event: 0.588 Thread 0x00000257c1b7ee20 DEOPT UNPACKING pc=0x00000257d3ba6642 sp=0x000000868c6fc690 mode 0
Event: 0.589 Thread 0x00000257c1b7ee20 DEOPT PACKING pc=0x00000257cc73f8f8 sp=0x000000868c6fd200
Event: 0.589 Thread 0x00000257c1b7ee20 DEOPT UNPACKING pc=0x00000257d3ba6642 sp=0x000000868c6fc690 mode 0
Event: 0.589 Thread 0x00000257c1b7ee20 DEOPT PACKING pc=0x00000257cc73f8f8 sp=0x000000868c6fd050
Event: 0.589 Thread 0x00000257c1b7ee20 DEOPT UNPACKING pc=0x00000257d3ba6642 sp=0x000000868c6fc4e0 mode 0
Event: 0.589 Thread 0x00000257c1b7ee20 DEOPT PACKING pc=0x00000257cc73f8f8 sp=0x000000868c6fd050
Event: 0.589 Thread 0x00000257c1b7ee20 DEOPT UNPACKING pc=0x00000257d3ba6642 sp=0x000000868c6fc4e0 mode 0
Event: 0.589 Thread 0x00000257c1b7ee20 DEOPT PACKING pc=0x00000257cc73f8f8 sp=0x000000868c6fd050
Event: 0.589 Thread 0x00000257c1b7ee20 DEOPT UNPACKING pc=0x00000257d3ba6642 sp=0x000000868c6fc4e0 mode 0
Event: 0.589 Thread 0x00000257c1b7ee20 DEOPT PACKING pc=0x00000257cc73f8f8 sp=0x000000868c6fd200
Event: 0.589 Thread 0x00000257c1b7ee20 DEOPT UNPACKING pc=0x00000257d3ba6642 sp=0x000000868c6fc690 mode 0
Event: 0.589 Thread 0x00000257c1b7ee20 DEOPT PACKING pc=0x00000257cc73f8f8 sp=0x000000868c6fd050
Event: 0.589 Thread 0x00000257c1b7ee20 DEOPT UNPACKING pc=0x00000257d3ba6642 sp=0x000000868c6fc4e0 mode 0

Classes loaded (20 events):
Event: 0.542 Loading class java/nio/channels/Channel
Event: 0.542 Loading class java/nio/channels/Channel done
Event: 0.542 Loading class java/nio/channels/ReadableByteChannel done
Event: 0.542 Loading class java/io/UncheckedIOException
Event: 0.542 Loading class java/io/UncheckedIOException done
Event: 0.544 Loading class java/net/HttpURLConnection
Event: 0.544 Loading class java/net/HttpURLConnection done
Event: 0.547 Loading class java/net/URLDecoder
Event: 0.547 Loading class java/net/URLDecoder done
Event: 0.562 Loading class java/lang/reflect/UndeclaredThrowableException
Event: 0.562 Loading class java/lang/reflect/UndeclaredThrowableException done
Event: 0.589 Loading class java/util/jar/JarFile$ThreadTrackHolder
Event: 0.590 Loading class java/util/jar/JarFile$ThreadTrackHolder done
Event: 0.590 Loading class jdk/internal/misc/ThreadTracker
Event: 0.590 Loading class jdk/internal/misc/ThreadTracker done
Event: 0.590 Loading class jdk/internal/misc/ThreadTracker$ThreadRef
Event: 0.590 Loading class jdk/internal/misc/ThreadTracker$ThreadRef done
Event: 0.590 Loading class sun/security/util/ManifestEntryVerifier
Event: 0.590 Loading class sun/security/util/ManifestEntryVerifier done
Event: 0.596 Loading class sun/security/util/ManifestDigester

Classes unloaded (0 events):
No events

Classes redefined (0 events):
No events

Internal exceptions (9 events):
Event: 0.346 Thread 0x00000257c1b7ee20 Exception <a 'java/lang/NoSuchMethodError'{0x000000008ab4e3d0}: 'void java.lang.invoke.DirectMethodHandle$Holder.invokeStatic(java.lang.Object, java.lang.Object, java.lang.Object)'> (0x000000008ab4e3d0) 
thrown [s\open\src\hotspot\share\interpreter\linkResolver.cpp, line 805]
Event: 0.351 Thread 0x00000257c1b7ee20 Exception <a 'java/lang/NoSuchMethodError'{0x000000008ab82f90}: 'java.lang.Object java.lang.invoke.Invokers$Holder.invokeExact_MT(java.lang.Object, java.lang.Object, java.lang.Object, java.lang.Object, java.lang.Object)'> (0x000000008ab82f90) 
thrown [s\open\src\hotspot\share\interpreter\linkResolver.cpp, line 805]
Event: 0.354 Thread 0x00000257c1b7ee20 Exception <a 'java/io/FileNotFoundException'{0x000000008ab95368}> (0x000000008ab95368) 
thrown [s\open\src\hotspot\share\prims\jni.cpp, line 518]
Event: 0.361 Thread 0x00000258265c1c10 Exception <a 'java/lang/NoSuchMethodError'{0x000000008aa05220}: 'java.lang.Object java.lang.invoke.DirectMethodHandle$Holder.invokeStaticInit(java.lang.Object)'> (0x000000008aa05220) 
thrown [s\open\src\hotspot\share\interpreter\linkResolver.cpp, line 805]
Event: 0.366 Thread 0x00000258265c1c10 Exception <a 'java/lang/NoSuchMethodError'{0x000000008aa0fe38}: 'void java.lang.invoke.DirectMethodHandle$Holder.invokeStatic(java.lang.Object, java.lang.Object)'> (0x000000008aa0fe38) 
thrown [s\open\src\hotspot\share\interpreter\linkResolver.cpp, line 805]
Event: 0.446 Thread 0x00000257c1b7ee20 Exception <a 'java/lang/NoSuchMethodError'{0x000000008a9bd1c0}: 'java.lang.Object java.lang.invoke.DelegatingMethodHandle$Holder.reinvoke_L(java.lang.Object, java.lang.Object, java.lang.Object, long, java.lang.Object)'> (0x000000008a9bd1c0) 
thrown [s\open\src\hotspot\share\interpreter\linkResolver.cpp, line 805]
Event: 0.447 Thread 0x00000257c1b7ee20 Exception <a 'java/lang/NoSuchMethodError'{0x000000008a9cd7f8}: 'java.lang.Object java.lang.invoke.Invokers$Holder.linkToTargetMethod(java.lang.Object, long, java.lang.Object, java.lang.Object)'> (0x000000008a9cd7f8) 
thrown [s\open\src\hotspot\share\interpreter\linkResolver.cpp, line 805]
Event: 0.524 Thread 0x00000257c1b7ee20 Exception <a 'java/lang/NoSuchMethodError'{0x000000008a77c8d0}: 'void java.lang.invoke.DirectMethodHandle$Holder.invokeStatic(java.lang.Object, java.lang.Object, java.lang.Object, java.lang.Object)'> (0x000000008a77c8d0) 
thrown [s\open\src\hotspot\share\interpreter\linkResolver.cpp, line 805]
Event: 0.563 Thread 0x00000257c1b7ee20 Exception <a 'java/lang/NoSuchMethodError'{0x000000008a6b4200}: 'int java.lang.invoke.DirectMethodHandle$Holder.invokeStaticInit(java.lang.Object, java.lang.Object)'> (0x000000008a6b4200) 
thrown [s\open\src\hotspot\share\interpreter\linkResolver.cpp, line 805]

VM Operations (8 events):
Event: 0.176 Executing VM operation: HandshakeAllThreads (Deoptimize)
Event: 0.176 Executing VM operation: HandshakeAllThreads (Deoptimize) done
Event: 0.371 Executing VM operation: HandshakeAllThreads (Deoptimize)
Event: 0.371 Executing VM operation: HandshakeAllThreads (Deoptimize) done
Event: 0.390 Executing VM operation: HandshakeAllThreads (Deoptimize)
Event: 0.390 Executing VM operation: HandshakeAllThreads (Deoptimize) done
Event: 0.404 Executing VM operation: HandshakeAllThreads (Deoptimize)
Event: 0.404 Executing VM operation: HandshakeAllThreads (Deoptimize) done

Memory protections (0 events):
No events

Nmethod flushes (0 events):
No events

Events (13 events):
Event: 0.032 Thread 0x00000257c1b7ee20 Thread added: 0x00000257c1b7ee20
Event: 0.046 Thread 0x00000257c1b7ee20 Thread added: 0x00000257e0c73c20
Event: 0.047 Thread 0x00000257c1b7ee20 Thread added: 0x00000257e0c74600
Event: 0.047 Thread 0x00000257c1b7ee20 Thread added: 0x00000257e0c76430
Event: 0.047 Thread 0x00000257c1b7ee20 Thread added: 0x00000257e0c76b70
Event: 0.047 Thread 0x00000257c1b7ee20 Thread added: 0x00000257e0c7e3a0
Event: 0.047 Thread 0x00000257c1b7ee20 Thread added: 0x00000257e0c7efc0
Event: 0.047 Thread 0x00000257c1b7ee20 Thread added: 0x00000257e0c87f20
Event: 0.048 Thread 0x00000257c1b7ee20 Thread added: 0x00000257e0c8fc80
Event: 0.169 Thread 0x00000257c1b7ee20 Thread added: 0x00000258260953f0
Event: 0.186 Thread 0x00000257e0c8fc80 Thread added: 0x000002582616ad20
Event: 0.354 Thread 0x00000257c1b7ee20 Thread added: 0x00000258265c1c10
Event: 0.354 Thread 0x00000257c1b7ee20 Thread added: 0x00000258265c29f0


Dynamic libraries:
0x00007ff700440000 - 0x00007ff700450000 	C:\Program Files\Java\jdk-24\bin\java.exe
0x00007ffc2eb30000 - 0x00007ffc2ed47000 	C:\WINDOWS\SYSTEM32\ntdll.dll
0x00007ffc2d4f0000 - 0x00007ffc2d5b4000 	C:\WINDOWS\System32\KERNEL32.DLL
0x00007ffc2c240000 - 0x00007ffc2c613000 	C:\WINDOWS\System32\KERNELBASE.dll
0x00007ffc2bfe0000 - 0x00007ffc2c0f1000 	C:\WINDOWS\System32\ucrtbase.dll
0x00007ffc03b50000 - 0x00007ffc03b6b000 	C:\Program Files\Java\jdk-24\bin\VCRUNTIME140.dll
0x00007ffc03740000 - 0x00007ffc03756000 	C:\Program Files\Java\jdk-24\bin\jli.dll
0x00007ffc2cc70000 - 0x00007ffc2ce21000 	C:\WINDOWS\System32\USER32.dll
0x00007ffc13950000 - 0x00007ffc13beb000 	C:\WINDOWS\WinSxS\amd64_microsoft.windows.common-controls_6595b64144ccf1df_6.0.22621.5262_none_2712bde373830908\COMCTL32.dll
0x00007ffc2c790000 - 0x00007ffc2c7b6000 	C:\WINDOWS\System32\win32u.dll
0x00007ffc2d8a0000 - 0x00007ffc2d947000 	C:\WINDOWS\System32\msvcrt.dll
0x00007ffc2eab0000 - 0x00007ffc2ead9000 	C:\WINDOWS\System32\GDI32.dll
0x00007ffc2be30000 - 0x00007ffc2bf52000 	C:\WINDOWS\System32\gdi32full.dll
0x00007ffc2bc20000 - 0x00007ffc2bcba000 	C:\WINDOWS\System32\msvcp_win.dll
0x00007ffc2c7c0000 - 0x00007ffc2c7f1000 	C:\WINDOWS\System32\IMM32.DLL
0x00007ffc14790000 - 0x00007ffc1479c000 	C:\Program Files\Java\jdk-24\bin\vcruntime140_1.dll
0x00007ffbe47a0000 - 0x00007ffbe482e000 	C:\Program Files\Java\jdk-24\bin\msvcp140.dll
0x00007ffbd3660000 - 0x00007ffbd4402000 	C:\Program Files\Java\jdk-24\bin\server\jvm.dll
0x00007ffc2d250000 - 0x00007ffc2d301000 	C:\WINDOWS\System32\ADVAPI32.dll
0x00007ffc2d620000 - 0x00007ffc2d6c7000 	C:\WINDOWS\System32\sechost.dll
0x00007ffc2c6a0000 - 0x00007ffc2c6c8000 	C:\WINDOWS\System32\bcrypt.dll
0x00007ffc2df90000 - 0x00007ffc2e0a4000 	C:\WINDOWS\System32\RPCRT4.dll
0x00007ffc2d3b0000 - 0x00007ffc2d421000 	C:\WINDOWS\System32\WS2_32.dll
0x00007ffc2b0e0000 - 0x00007ffc2b12d000 	C:\WINDOWS\SYSTEM32\POWRPROF.dll
0x00007ffc27170000 - 0x00007ffc271a4000 	C:\WINDOWS\SYSTEM32\WINMM.dll
0x00007ffc25260000 - 0x00007ffc2526a000 	C:\WINDOWS\SYSTEM32\VERSION.dll
0x00007ffc2b0b0000 - 0x00007ffc2b0c3000 	C:\WINDOWS\SYSTEM32\UMPDC.dll
0x00007ffc2acb0000 - 0x00007ffc2acc8000 	C:\WINDOWS\SYSTEM32\kernel.appcore.dll
0x00007ffc03730000 - 0x00007ffc0373a000 	C:\Program Files\Java\jdk-24\bin\jimage.dll
0x00007ffc28e10000 - 0x00007ffc29042000 	C:\WINDOWS\SYSTEM32\DBGHELP.DLL
0x00007ffc2ce30000 - 0x00007ffc2d1c3000 	C:\WINDOWS\System32\combase.dll
0x00007ffc2e0b0000 - 0x00007ffc2e187000 	C:\WINDOWS\System32\OLEAUT32.dll
0x00007ffc1fa80000 - 0x00007ffc1fab2000 	C:\WINDOWS\SYSTEM32\dbgcore.DLL
0x00007ffc2c620000 - 0x00007ffc2c69b000 	C:\WINDOWS\System32\bcryptPrimitives.dll
0x00007ffbf1be0000 - 0x00007ffbf1bef000 	C:\Program Files\Java\jdk-24\bin\instrument.dll
0x00007ffc03610000 - 0x00007ffc0362e000 	C:\Program Files\Java\jdk-24\bin\java.dll
0x00007ffc2c850000 - 0x00007ffc2c9f1000 	C:\WINDOWS\System32\ole32.dll
0x00007ffc2e190000 - 0x00007ffc2ea2d000 	C:\WINDOWS\System32\SHELL32.dll
0x00007ffc2c100000 - 0x00007ffc2c23f000 	C:\WINDOWS\System32\wintypes.dll
0x00007ffc29b10000 - 0x00007ffc2a42d000 	C:\WINDOWS\SYSTEM32\windows.storage.dll
0x00007ffc2da00000 - 0x00007ffc2db0b000 	C:\WINDOWS\System32\SHCORE.dll
0x00007ffc2d480000 - 0x00007ffc2d4e6000 	C:\WINDOWS\System32\shlwapi.dll
0x00007ffc2bb50000 - 0x00007ffc2bb7b000 	C:\WINDOWS\SYSTEM32\profapi.dll
0x00007ffbd9c60000 - 0x00007ffbd9d37000 	C:\Program Files\Java\jdk-24\bin\jsvml.dll
0x00007ffbe4f00000 - 0x00007ffbe4f17000 	C:\Program Files\Java\jdk-24\bin\zip.dll
0x00007ffc03720000 - 0x00007ffc03730000 	C:\Program Files\Java\jdk-24\bin\net.dll
0x00007ffc2b1d0000 - 0x00007ffc2b23a000 	C:\WINDOWS\system32\mswsock.dll
0x00007ffbe4f20000 - 0x00007ffbe4f36000 	C:\Program Files\Java\jdk-24\bin\nio.dll
0x00007ffc01be0000 - 0x00007ffc01be9000 	C:\Program Files\Java\jdk-24\bin\extnet.dll

dbghelp: loaded successfully - version: 4.0.5 - missing functions: none
symbol engine: initialized successfully - sym options: 0x614 - pdb path: .;C:\Program Files\Java\jdk-24\bin;C:\WINDOWS\SYSTEM32;C:\WINDOWS\WinSxS\amd64_microsoft.windows.common-controls_6595b64144ccf1df_6.0.22621.5262_none_2712bde373830908;C:\Program Files\Java\jdk-24\bin\server

VM Arguments:
jvm_args: -javaagent:D:\IntelliJ IDEA Community Edition 2024.3.5\lib\idea_rt.jar=54948 -Dfile.encoding=UTF-8 -Dsun.stdout.encoding=UTF-8 -Dsun.stderr.encoding=UTF-8 
java_command: com.microservice.gateway.GatewayApplication
java_class_path (initial): D:\Phat trien PM huong DV\Pj Cuoi ki\mid-project-189692116\gateway\target\classes;C:\Users\win\.m2\repository\org\springframework\cloud\spring-cloud-starter-gateway\4.2.1\spring-cloud-starter-gateway-4.2.1.jar;C:\Users\win\.m2\repository\org\springframework\cloud\spring-cloud-starter\4.2.1\spring-cloud-starter-4.2.1.jar;C:\Users\win\.m2\repository\org\springframework\cloud\spring-cloud-context\4.2.1\spring-cloud-context-4.2.1.jar;C:\Users\win\.m2\repository\org\springframework\security\spring-security-crypto\6.4.5\spring-security-crypto-6.4.5.jar;C:\Users\win\.m2\repository\org\springframework\cloud\spring-cloud-commons\4.2.1\spring-cloud-commons-4.2.1.jar;C:\Users\win\.m2\repository\org\bouncycastle\bcprov-jdk18on\1.78.1\bcprov-jdk18on-1.78.1.jar;C:\Users\win\.m2\repository\org\springframework\cloud\spring-cloud-gateway-server\4.2.1\spring-cloud-gateway-server-4.2.1.jar;C:\Users\win\.m2\repository\org\springframework\boot\spring-boot-starter-validation\3.4.5\spring-boot-starter-validation-3.4.5.jar;C:\Users\win\.m2\repository\org\apache\tomcat\embed\tomcat-embed-el\10.1.40\tomcat-embed-el-10.1.40.jar;C:\Users\win\.m2\repository\org\hibernate\validator\hibernate-validator\8.0.2.Final\hibernate-validator-8.0.2.Final.jar;C:\Users\win\.m2\repository\jakarta\validation\jakarta.validation-api\3.0.2\jakarta.validation-api-3.0.2.jar;C:\Users\win\.m2\repository\org\jboss\logging\jboss-logging\3.6.1.Final\jboss-logging-3.6.1.Final.jar;C:\Users\win\.m2\repository\com\fasterxml\classmate\1.7.0\classmate-1.7.0.jar;C:\Users\win\.m2\repository\io\projectreactor\addons\reactor-extra\3.5.2\reactor-extra-3.5.2.jar;C:\Users\win\.m2\repository\io\projectreactor\reactor-core\3.7.5\reactor-core-3.7.5.jar;C:\Users\win\.m2\repository\org\reactivestreams\reactive-streams\1.0.4\reactive-streams-1.0.4.jar;C:\Users\win\.m2\repository\org\springframework\boot\spring-boot-starter-webflux\3.4.5\spring-boot-starter-webflux-3.4.5.jar;C:\Users\win\.m2\repository\org\springframework\boot\spring-boot-starter-json\3.4.5\spring-boot-starter-json-3.4.5.jar;C:\Users\win\.m2\repository\com\fasterxml\jackson\datatype\jackson-datatype-jdk8\2.18.3\jackson-datatype-jdk8-2.18.3.jar;C:\Users\win\.m2\repository\com\fasterxml\jackson\datatype\jackson-datatype-jsr310\2.18.3\jackson-datatype-jsr310-2.18.3.jar;C:\Users\win\.m2\repository\com\fasterxml\jackson\module\jackson-module-parameter-names\2.18.3\jackson-module-parameter-names-2.18.3.jar;C:\Users\win\.m2\repository\org\springframework\boot\spring-boot-starter-reactor-netty\3.4.5\spring-boot-starter-reactor-netty-3.4.5.jar;C:\Users\win\.m2\repository\io\projectreactor\netty\reactor-netty-http\1.2.5\reactor-netty-http-1.2.5.jar;C:\Users\win\.m2\repository\io\netty\netty-codec-http\4.1.119.Final\netty-codec-http-4.1.119.Final.jar;C:\Users\win\.m2\repository\io\netty\netty-common\4.1.119.Final\netty-common-4.1.119.Final.jar;C:\Users\win\.m2\repository\io\netty\netty-buffer\4.1.119.Final\netty-buffer-4.1.119.Final.jar;C:\Users\win\.m2\repository\io\netty\netty-transport\4.1.119.Final\netty-transport-4.1.119.Final.jar;C:\Users\win\.m2\repository\io\netty\netty-codec\4.1.119.Final\netty-codec-4.1.119.Final.jar;C:\Users\win\.m2\repository\io\netty\netty-handler\4.1.119.Final\netty-handler-4.1.119.Final.jar;C:\Users\win\.m2\repository\io\netty\netty-codec-http2\4.1.119.Final\netty-codec-http2-4.1.119.Final.jar;C:\Users\win\.m2\repository\io\netty\netty-resolver-dns\4.1.119.Final\netty-resolver-dns-4.1.119.Final.jar;C:\Users\win\.m2\repository\io\netty\netty-resolver\4.1.119.Final\netty-resolver-4.1.119.Final.jar;C:\Users\win\.m2\repository\io\netty\netty-codec-dns\4.1.119.Final\netty-codec-dns-4.1.119.Final.jar;C:\Users\win\.m2\repository\io\netty\netty-resolver-dns-native-macos\4.1.119.Final\netty-resolver-dns-native-macos-4.1.119.Final-osx-x86_64.jar;C:\Users\win\.m2\repository\io\netty\netty-resolver-dns-classes-macos\4.1.119.Final\netty-resolver-dns-classes-macos-4.1.119.Final.jar;C:\Users\win\.m2\repository\io\netty\netty-transport-native-epoll\4.1.119.Final\netty-transport-native-epoll-4.1.119.Final-linux-x86_64.jar;C:\Users\win\.m2\repository\io\netty\netty-transport-native-unix-common\4.1.119.Final\netty-transport-native-unix-common-4.1.119.Final.jar;C:\Users\win\.m2\repository\io\netty\netty-transport-classes-epoll\4.1.119.Final\netty-transport-classes-epoll-4.1.119.Final.jar;C:\Users\win\.m2\repository\io\projectreactor\netty\reactor-netty-core\1.2.5\reactor-netty-core-1.2.5.jar;C:\Users\win\.m2\repository\io\netty\netty-handler-proxy\4.1.119.Final\netty-handler-proxy-4.1.119.Final.jar;C:\Users\win\.m2\repository\io\netty\netty-codec-socks\4.1.119.Final\netty-codec-socks-4.1.119.Final.jar;C:\Users\win\.m2\repository\org\springframework\spring-web\6.2.6\spring-web-6.2.6.jar;C:\Users\win\.m2\repository\org\springframework\spring-beans\6.2.6\spring-beans-6.2.6.jar;C:\Users\win\.m2\repository\io\micrometer\micrometer-observation\1.14.6\micrometer-observation-1.14.6.jar;C:\Users\win\.m2\repository\io\micrometer\micrometer-commons\1.14.6\micrometer-commons-1.14.6.jar;C:\Users\win\.m2\repository\org\springframework\spring-webflux\6.2.6\spring-webflux-6.2.6.jar;C:\Users\win\.m2\repository\org\springframework\cloud\spring-cloud-starter-netflix-eureka-client\4.2.1\spring-cloud-starter-netflix-eureka-client-4.2.1.jar;C:\Users\win\.m2\repository\org\springframework\cloud\spring-cloud-netflix-eureka-client\4.2.1\spring-cloud-netflix-eureka-client-4.2.1.jar;C:\Users\win\.m2\repository\org\apache\httpcomponents\client5\httpclient5\5.4.3\httpclient5-5.4.3.jar;C:\Users\win\.m2\repository\org\apache\httpcomponents\core5\httpcore5\5.3.4\httpcore5-5.3.4.jar;C:\Users\win\.m2\repository\org\apache\httpcomponents\core5\httpcore5-h2\5.3.4\httpcore5-h2-5.3.4.jar;C:\Users\win\.m2\repository\com\netflix\eureka\eureka-client\2.0.4\eureka-client-2.0.4.jar;C:\Users\win\.m2\repository\com\thoughtworks\xstream\xstream\1.4.20\xstream-1.4.20.jar;C:\Users\win\.m2\repository\io\github\x-stream\mxparser\1.2.2\mxparser-1.2.2.jar;C:\Users\win\.m2\repository\xmlpull\xmlpull\1.1.3.1\xmlpull-1.1.3.1.jar;C:\Users\win\.m2\repository\jakarta\ws\rs\jakarta.ws.rs-api\3.1.0\jakarta.ws.rs-api-3.1.0.jar;C:\Users\win\.m2\repository\jakarta\inject\jakarta.inject-api\2.0.1\jakarta.inject-api-2.0.1.jar;C:\Users\win\.m2\repository\jakarta\annotation\jakarta.annotation-api\2.1.1\jakarta.annotation-api-2.1.1.jar;C:\Users\win\.m2\repository\com\netflix\spectator\spectator-api\1.7.3\spectator-api-1.7.3.jar;C:\Users\win\.m2\repository\org\slf4j\slf4j-api\2.0.17\slf4j-api-2.0.17.jar;C:\Users\win\.m2\repository\org\apache\httpcomponents\httpclient\4.5.3\httpclient-4.5.3.jar;C:\Users\win\.m2\repository\org\apache\httpcomponents\httpcore\4.4.16\httpcore-4.4.16.jar;C:\Users\win\.m2\repository\commons-codec\commons-codec\1.17.2\commons-codec-1.17.2.jar;C:\Users\win\.m2\repository\commons-configuration\commons-configuration\1.10\commons-configuration-1.10.jar;C:\Users\win\.m2\repository\commons-lang\commons-lang\2.6\commons-lang-2.6.jar;C:\Users\win\.m2\repository\com\fasterxml\jackson\core\jackson-annotations\2.18.3\jackson-annotations-2.18.3.jar;C:\Users\win\.m2\repository\com\fasterxml\jackson\core\jackson-core\2.18.3\jackson-core-2.18.3.jar;C:\Users\win\.m2\repository\com\fasterxml\jackson\core\jackson-databind\2.18.3\jackson-databind-2.18.3.jar;C:\Users\win\.m2\repository\com\netflix\netflix-commons\netflix-eventbus\0.3.0\netflix-eventbus-0.3.0.jar;C:\Users\win\.m2\repository\com\netflix\netflix-commons\netflix-infix\0.3.0\netflix-infix-0.3.0.jar;C:\Users\win\.m2\repository\commons-jxpath\commons-jxpath\1.3\commons-jxpath-1.3.jar;C:\Users\win\.m2\repository\joda-time\joda-time\2.3\joda-time-2.3.jar;C:\Users\win\.m2\repository\org\antlr\antlr-runtime\3.4\antlr-runtime-3.4.jar;C:\Users\win\.m2\repository\org\antlr\stringtemplate\3.2.1\stringtemplate-3.2.1.jar;C:\Users\win\.m2\repository\antlr\antlr\2.7.7\antlr-2.7.7.jar;C:\Users\win\.m2\repository\com\google\guava\guava\14.0.1\guava-14.0.1.jar;C:\Users\win\.m2\repository\com\google\code\gson\gson\2.11.0\gson-2.11.0.jar;C:\Users\win\.m2\repository\com\google\errorprone\error_prone_annotations\2.27.0\error_prone_annotations-2.27.0.jar;C:\Users\win\.m2\repository\com\netflix\servo\servo-core\0.5.3\servo-core-0.5.3.jar;C:\Users\win\.m2\repository\org\apache\commons\commons-math\2.2\commons-math-2.2.jar;C:\Users\win\.m2\repository\javax\annotation\javax.annotation-api\1.2\javax.annotation-api-1.2.jar;C:\Users\win\.m2\repository\org\codehaus\jettison\jettison\1.5.4\jettison-1.5.4.jar;C:\Users\win\.m2\repository\org\springframework\cloud\spring-cloud-starter-loadbalancer\4.2.1\spring-cloud-starter-loadbalancer-4.2.1.jar;C:\Users\win\.m2\repository\org\springframework\cloud\spring-cloud-loadbalancer\4.2.1\spring-cloud-loadbalancer-4.2.1.jar;C:\Users\win\.m2\repository\org\springframework\boot\spring-boot-starter-cache\3.4.5\spring-boot-starter-cache-3.4.5.jar;C:\Users\win\.m2\repository\org\springframework\spring-context-support\6.2.6\spring-context-support-6.2.6.jar;C:\Users\win\.m2\repository\com\stoyanr\evictor\1.0.0\evictor-1.0.0.jar;C:\Users\win\.m2\repository\org\springframework\boot\spring-boot-starter\3.4.5\spring-boot-starter-3.4.5.jar;C:\Users\win\.m2\repository\org\springframework\boot\spring-boot\3.4.5\spring-boot-3.4.5.jar;C:\Users\win\.m2\repository\org\springframework\spring-context\6.2.6\spring-context-6.2.6.jar;C:\Users\win\.m2\repository\org\springframework\spring-aop\6.2.6\spring-aop-6.2.6.jar;C:\Users\win\.m2\repository\org\springframework\spring-expression\6.2.6\spring-expression-6.2.6.jar;C:\Users\win\.m2\repository\org\springframework\boot\spring-boot-autoconfigure\3.4.5\spring-boot-autoconfigure-3.4.5.jar;C:\Users\win\.m2\repository\org\springframework\boot\spring-boot-starter-logging\3.4.5\spring-boot-starter-logging-3.4.5.jar;C:\Users\win\.m2\repository\ch\qos\logback\logback-classic\1.5.18\logback-classic-1.5.18.jar;C:\Users\win\.m2\repository\ch\qos\logback\logback-core\1.5.18\logback-core-1.5.18.jar;C:\Users\win\.m2\repository\org\apache\logging\log4j\log4j-to-slf4j\2.24.3\log4j-to-slf4j-2.24.3.jar;C:\Users\win\.m2\repository\org\apache\logging\log4j\log4j-api\2.24.3\log4j-api-2.24.3.jar;C:\Users\win\.m2\repository\org\slf4j\jul-to-slf4j\2.0.17\jul-to-slf4j-2.0.17.jar;C:\Users\win\.m2\repository\org\yaml\snakeyaml\2.3\snakeyaml-2.3.jar;C:\Users\win\.m2\repository\org\springframework\spring-core\6.2.6\spring-core-6.2.6.jar;C:\Users\win\.m2\repository\org\springframework\spring-jcl\6.2.6\spring-jcl-6.2.6.jar
Launcher Type: SUN_STANDARD

[Global flags]
     intx CICompilerCount                          = 4                                         {product} {ergonomic}
     uint ConcGCThreads                            = 2                                         {product} {ergonomic}
     uint G1ConcRefinementThreads                  = 8                                         {product} {ergonomic}
   size_t G1HeapRegionSize                         = 1048576                                   {product} {ergonomic}
   size_t InitialHeapSize                          = 132120576                                 {product} {ergonomic}
   size_t MarkStackSize                            = 4194304                                   {product} {ergonomic}
   size_t MarkStackSizeMax                         = 536870912                                 {product} {ergonomic}
   size_t MaxHeapSize                              = 2090860544                                {product} {ergonomic}
   size_t MaxNewSize                               = 1254096896                                {product} {ergonomic}
   size_t MinHeapDeltaBytes                        = 1048576                                   {product} {ergonomic}
   size_t MinHeapSize                              = 8388608                                   {product} {ergonomic}
    uintx NonNMethodCodeHeapSize                   = 5832704                                {pd product} {ergonomic}
    uintx NonProfiledCodeHeapSize                  = 122945536                              {pd product} {ergonomic}
    uintx ProfiledCodeHeapSize                     = 122880000                              {pd product} {ergonomic}
    uintx ReservedCodeCacheSize                    = 251658240                              {pd product} {ergonomic}
     bool SegmentedCodeCache                       = true                                      {product} {ergonomic}
   size_t SoftMaxHeapSize                          = 2090860544                             {manageable} {ergonomic}
     bool UseCompressedOops                        = true                           {product lp64_product} {ergonomic}
     bool UseG1GC                                  = true                                      {product} {ergonomic}
     bool UseLargePagesIndividualAllocation        = false                                  {pd product} {ergonomic}

Logging:
Log output configuration:
 #0: stdout all=warning uptime,level,tags foldmultilines=false
 #1: stderr all=off uptime,level,tags foldmultilines=false

Environment Variables:
JAVA_HOME=C:\Program Files\Java\jdk-24
PATH=C:\Program Files\Common Files\Oracle\Java\javapath;C:\WINDOWS\system32;C:\WINDOWS;C:\WINDOWS\System32\Wbem;C:\WINDOWS\System32\WindowsPowerShell\v1.0\;C:\WINDOWS\System32\OpenSSH\;C:\Program Files\Microsoft VS Code\bin;C:\MinGW\bin;C:\Program Files\Git\cmd;C:\Program Files (x86)\Microsoft SQL Server\160\Tools\Binn\;C:\Program Files\Microsoft SQL Server\160\Tools\Binn\;C:\Program Files\Microsoft SQL Server\Client SDK\ODBC\170\Tools\Binn\;C:\Program Files\Microsoft SQL Server\160\DTS\Binn\;C:\Program Files (x86)\Microsoft SQL Server\160\DTS\Binn\;C:\Program Files\nodejs\;C:\Program Files\Docker\Docker\resources\bin;C:\Users\win\AppData\Local\Programs\Python\Python310\Scripts\;C:\Users\win\AppData\Local\Programs\Python\Python310\;C:\Users\win\AppData\Local\Programs\Python\Python313\Scripts\;C:\Users\win\AppData\Local\Programs\Python\Python313\;C:\Users\win\AppData\Local\Microsoft\WindowsApps;;C:\Program Files\Azure Data Studio\bin;C:\Users\win\AppData\Roaming\npm;D:\IntelliJ IDEA Community Edition 2024.3.5\bin;
USERNAME=win
OS=Windows_NT
PROCESSOR_IDENTIFIER=Intel64 Family 6 Model 140 Stepping 1, GenuineIntel
TMP=C:\Users\win\AppData\Local\Temp
TEMP=C:\Users\win\AppData\Local\Temp




Periodic native trim disabled

---------------  S Y S T E M  ---------------

OS:
 Windows 11 , 64 bit Build 22621 (10.0.22621.5262)
OS uptime: 0 days 2:48 hours
Hyper-V role detected

CPU: total 8 (initial active 8) (4 cores per cpu, 2 threads per core) family 6 model 140 stepping 1 microcode 0x9a, cx8, cmov, fxsr, ht, mmx, 3dnowpref, sse, sse2, sse3, ssse3, sse4.1, sse4.2, popcnt, lzcnt, tsc, tscinvbit, avx, avx2, aes, erms, clmul, bmi1, bmi2, adx, avx512f, avx512dq, avx512cd, avx512bw, avx512vl, sha, fma, vzeroupper, avx512_vpopcntdq, avx512_vpclmulqdq, avx512_vaes, avx512_vnni, clflush, clflushopt, clwb, avx512_vbmi2, avx512_vbmi, hv, rdtscp, rdpid, fsrm, gfni, avx512_bitalg, f16c, cet_ibt, cet_ss, avx512_ifma
Processor Information for the first 8 processors :
  Max Mhz: 2419, Current Mhz: 2419, Mhz Limit: 2419

Memory: 4k page, system-wide physical 7975M (457M free)
TotalPageFile size 23450M (AvailPageFile size 4M)
current process WorkingSet (physical memory assigned to process): 84M, peak: 84M
current process commit charge ("private bytes"): 230M, peak: 236M

vm_info: Java HotSpot(TM) 64-Bit Server VM (24+36-3646) for windows-amd64 JRE (24+36-3646), built on 2025-02-06T00:20:43Z with MS VC++ 17.6 (VS2022)

END.
