#
# There is insufficient memory for the Java Runtime Environment to continue.
# Native memory allocation (malloc) failed to allocate 3677456 bytes. Error detail: Chunk::new
# Possible reasons:
#   The system is out of physical RAM or swap space
#   This process is running with CompressedOops enabled, and the Java Heap may be blocking the growth of the native heap
# Possible solutions:
#   Reduce memory load on the system
#   Increase physical memory or swap space
#   Check if swap backing store is full
#   Decrease Java heap size (-Xmx/-Xms)
#   Decrease number of Java threads
#   Decrease Java thread stack sizes (-Xss)
#   Set larger code cache with -XX:ReservedCodeCacheSize=
#   JVM is running with Unscaled Compressed Oops mode in which the Java heap is
#     placed in the first 4GB address space. The Java Heap base address is the
#     maximum limit for the native heap growth. Please use -XX:HeapBaseMinAddress
#     to set the Java Heap base and to place the Java Heap above 4GB virtual address.
# This output file may be truncated or incomplete.
#
#  Out of Memory Error (arena.cpp:162), pid=6264, tid=8680
#
# JRE version: Java(TM) SE Runtime Environment (24.0+36) (build 24+36-3646)
# Java VM: Java HotSpot(TM) 64-Bit Server VM (24+36-3646, mixed mode, sharing, tiered, compressed oops, compressed class ptrs, g1 gc, windows-amd64)
# No core dump will be written. Minidumps are not enabled by default on client versions of Windows
#

---------------  S U M M A R Y ------------

Command Line: -javaagent:D:\IntelliJ IDEA Community Edition 2024.3.5\lib\idea_rt.jar=52306 -Dfile.encoding=UTF-8 -Dsun.stdout.encoding=UTF-8 -Dsun.stderr.encoding=UTF-8 com.example.quizconfig.QuizConfigApplication

Host: 11th Gen Intel(R) Core(TM) i5-1135G7 @ 2.40GHz, 8 cores, 7G,  Windows 11 , 64 bit Build 22621 (10.0.22621.5262)
Time: Sun May 18 20:44:55 2025 SE Asia Standard Time elapsed time: 10.445014 seconds (0d 0h 0m 10s)

---------------  T H R E A D  ---------------

Current thread (0x0000021d64a25770):  JavaThread "C2 CompilerThread0" daemon [_thread_in_native, id=8680, stack(0x000000a1ad500000,0x000000a1ad600000) (1024K)]


Current CompileTask:
C2:10445 5206       4       jdk.internal.loader.BuiltinClassLoader::isSealed (71 bytes)

Stack: [0x000000a1ad500000,0x000000a1ad600000]
Native frames: (J=compiled Java code, j=interpreted, Vv=VM code, C=native code)
V  [jvm.dll+0x7308c9]  (no source info available)
V  [jvm.dll+0x8d9ca3]  (no source info available)
V  [jvm.dll+0x8dc13d]  (no source info available)
V  [jvm.dll+0x8dc7b3]  (no source info available)
V  [jvm.dll+0x2aa046]  (no source info available)
V  [jvm.dll+0xced8f]  (no source info available)
V  [jvm.dll+0xcefef]  (no source info available)
V  [jvm.dll+0x154d23]  (no source info available)
V  [jvm.dll+0x7360ef]  (no source info available)
V  [jvm.dll+0x26f9dc]  (no source info available)
V  [jvm.dll+0x26e9ff]  (no source info available)
V  [jvm.dll+0x1e9d00]  (no source info available)
V  [jvm.dll+0x27e1bb]  (no source info available)
V  [jvm.dll+0x27c45a]  (no source info available)
V  [jvm.dll+0x42f566]  (no source info available)
V  [jvm.dll+0x87d8fb]  (no source info available)
V  [jvm.dll+0x72efe5]  (no source info available)
C  [ucrtbase.dll+0x29333]  (no source info available)
C  [KERNEL32.DLL+0x1259d]  (no source info available)
C  [ntdll.dll+0x5af58]  (no source info available)

Lock stack of current Java thread (top to bottom):


---------------  P R O C E S S  ---------------

Threads class SMR info:
_java_thread_list=0x0000021d68b43030, length=18, elements={
0x0000021d481ab250, 0x0000021d64a1c020, 0x0000021d64a1ccc0, 0x0000021d64a1f3a0,
0x0000021d64a21fd0, 0x0000021d64a22bf0, 0x0000021d64a23810, 0x0000021d64a25770,
0x0000021d64a2a270, 0x0000021d4510b850, 0x0000021d452a0710, 0x0000021d452a0e50,
0x0000021d67d8b010, 0x0000021d6514a1e0, 0x0000021d65bde7a0, 0x0000021d65bdeef0,
0x0000021d65bde050, 0x0000021d65bdf640
}

Java Threads: ( => current thread )
  0x0000021d481ab250 JavaThread "main"                              [_thread_in_vm, id=18756, stack(0x000000a1ac700000,0x000000a1ac800000) (1024K)]
  0x0000021d64a1c020 JavaThread "Reference Handler"          daemon [_thread_blocked, id=22068, stack(0x000000a1acf00000,0x000000a1ad000000) (1024K)]
  0x0000021d64a1ccc0 JavaThread "Finalizer"                  daemon [_thread_blocked, id=13676, stack(0x000000a1ad000000,0x000000a1ad100000) (1024K)]
  0x0000021d64a1f3a0 JavaThread "Signal Dispatcher"          daemon [_thread_blocked, id=11108, stack(0x000000a1ad100000,0x000000a1ad200000) (1024K)]
  0x0000021d64a21fd0 JavaThread "Attach Listener"            daemon [_thread_blocked, id=3496, stack(0x000000a1ad200000,0x000000a1ad300000) (1024K)]
  0x0000021d64a22bf0 JavaThread "Service Thread"             daemon [_thread_blocked, id=2684, stack(0x000000a1ad300000,0x000000a1ad400000) (1024K)]
  0x0000021d64a23810 JavaThread "Monitor Deflation Thread"   daemon [_thread_blocked, id=3472, stack(0x000000a1ad400000,0x000000a1ad500000) (1024K)]
=>0x0000021d64a25770 JavaThread "C2 CompilerThread0"         daemon [_thread_in_native, id=8680, stack(0x000000a1ad500000,0x000000a1ad600000) (1024K)]
  0x0000021d64a2a270 JavaThread "C1 CompilerThread0"         daemon [_thread_blocked, id=9252, stack(0x000000a1ad600000,0x000000a1ad700000) (1024K)]
  0x0000021d4510b850 JavaThread "Common-Cleaner"             daemon [_thread_blocked, id=8732, stack(0x000000a1ad700000,0x000000a1ad800000) (1024K)]
  0x0000021d452a0710 JavaThread "Monitor Ctrl-Break"         daemon [_thread_in_native, id=17672, stack(0x000000a1ad900000,0x000000a1ada00000) (1024K)]
  0x0000021d452a0e50 JavaThread "Notification Thread"        daemon [_thread_blocked, id=19700, stack(0x000000a1ada00000,0x000000a1adb00000) (1024K)]
  0x0000021d67d8b010 JavaThread "Catalina-utility-1"                [_thread_blocked, id=23212, stack(0x000000a1ae400000,0x000000a1ae500000) (1024K)]
  0x0000021d6514a1e0 JavaThread "Catalina-utility-2"                [_thread_blocked, id=20284, stack(0x000000a1ae500000,0x000000a1ae600000) (1024K)]
  0x0000021d65bde7a0 JavaThread "container-0"                       [_thread_blocked, id=12968, stack(0x000000a1ae600000,0x000000a1ae700000) (1024K)]
  0x0000021d65bdeef0 JavaThread "mysql-cj-abandoned-connection-cleanup" daemon [_thread_blocked, id=20664, stack(0x000000a1ae700000,0x000000a1ae800000) (1024K)]
  0x0000021d65bde050 JavaThread "HikariPool-1 housekeeper"   daemon [_thread_blocked, id=19692, stack(0x000000a1ae800000,0x000000a1ae900000) (1024K)]
  0x0000021d65bdf640 JavaThread "HikariPool-1 connection adder" daemon [_thread_blocked, id=7064, stack(0x000000a1ad800000,0x000000a1ad900000) (1024K)]
Total: 18

Other Threads:
  0x0000021d64a0b000 VMThread "VM Thread"                           [id=19464, stack(0x000000a1ace00000,0x000000a1acf00000) (1024K)]
  0x0000021d649fdbc0 WatcherThread "VM Periodic Task Thread"        [id=11956, stack(0x000000a1acd00000,0x000000a1ace00000) (1024K)]
  0x0000021d48202e40 WorkerThread "GC Thread#0"                     [id=15888, stack(0x000000a1ac800000,0x000000a1ac900000) (1024K)]
  0x0000021d65738a10 WorkerThread "GC Thread#1"                     [id=1824, stack(0x000000a1adc00000,0x000000a1add00000) (1024K)]
  0x0000021d65738dc0 WorkerThread "GC Thread#2"                     [id=10924, stack(0x000000a1add00000,0x000000a1ade00000) (1024K)]
  0x0000021d65799c10 WorkerThread "GC Thread#3"                     [id=6564, stack(0x000000a1ade00000,0x000000a1adf00000) (1024K)]
  0x0000021d655d0ed0 WorkerThread "GC Thread#4"                     [id=3380, stack(0x000000a1adf00000,0x000000a1ae000000) (1024K)]
  0x0000021d654f1a40 WorkerThread "GC Thread#5"                     [id=17760, stack(0x000000a1ae000000,0x000000a1ae100000) (1024K)]
  0x0000021d654f0b80 WorkerThread "GC Thread#6"                     [id=11528, stack(0x000000a1ae100000,0x000000a1ae200000) (1024K)]
  0x0000021d654f07d0 WorkerThread "GC Thread#7"                     [id=23468, stack(0x000000a1ae200000,0x000000a1ae300000) (1024K)]
  0x0000021d48217620 ConcurrentGCThread "G1 Main Marker"            [id=24388, stack(0x000000a1ac900000,0x000000a1aca00000) (1024K)]
  0x0000021d482182b0 WorkerThread "G1 Conc#0"                       [id=13956, stack(0x000000a1aca00000,0x000000a1acb00000) (1024K)]
  0x0000021d654f1df0 WorkerThread "G1 Conc#1"                       [id=23328, stack(0x000000a1ae300000,0x000000a1ae400000) (1024K)]
  0x0000021d648bf440 ConcurrentGCThread "G1 Refine#0"               [id=23972, stack(0x000000a1acb00000,0x000000a1acc00000) (1024K)]
  0x0000021d648bfdd0 ConcurrentGCThread "G1 Service"                [id=7916, stack(0x000000a1acc00000,0x000000a1acd00000) (1024K)]
Total: 15

Threads with active compile tasks:
C2 CompilerThread0  10521 5206       4       jdk.internal.loader.BuiltinClassLoader::isSealed (71 bytes)
Total: 1

VM state: not at safepoint (normal execution)

VM Mutex/Monitor currently owned by a thread: None

Heap address: 0x0000000083600000, size: 1994 MB, Compressed Oops mode: 32-bit

CDS archive(s) mapped at: [0x0000021d00000000-0x0000021d00d40000-0x0000021d00d40000), size 13893632, SharedBaseAddress: 0x0000021d00000000, ArchiveRelocationMode: 1.
Compressed class space mapped at: 0x0000021d01000000-0x0000021d41000000, reserved size: 1073741824
UseCompressedClassPointers 1, UseCompactObjectHeaders 0
Narrow klass pointer bits 32, Max shift 3
Narrow klass base: 0x0000021d00000000, Narrow klass shift: 0
Encoding Range: [0x0000021d00000000 - 0x0000021e00000000), (4294967296 bytes)
Klass Range:    [0x0000021d00000000 - 0x0000021d41000000), (1090519040 bytes)
Klass ID Range:  [8 - 1090519033) (1090519025)

GC Precious Log:
 CardTable entry size: 512
 Card Set container configuration: InlinePtr #cards 5 size 8 Array Of Cards #cards 10 size 36 Howl #buckets 4 coarsen threshold 1843 Howl Bitmap #cards 512 size 80 coarsen threshold 460 Card regions per heap region 1 cards per card region 2048
 CPUs: 8 total, 8 available
 Memory: 7975M
 Large Page Support: Disabled
 NUMA Support: Disabled
 Compressed Oops: Enabled (32-bit)
 Heap Region Size: 1M
 Heap Min Capacity: 8M
 Heap Initial Capacity: 126M
 Heap Max Capacity: 1994M
 Pre-touch: Disabled
 Parallel Workers: 8
 Concurrent Workers: 2
 Concurrent Refinement Workers: 8
 Periodic GC: Disabled

Heap:
 garbage-first heap   total reserved 2041856K, committed 80896K, used 45893K [0x0000000083600000, 0x0000000100000000)
  region size 1024K, 21 young (21504K), 4 survivors (4096K)
 Metaspace       used 51327K, committed 51712K, reserved 1114112K
  class space    used 5347K, committed 5504K, reserved 1048576K

Heap Regions: E=young(eden), S=young(survivor), O=old, HS=humongous(starts), HC=humongous(continues), CS=collection set, F=free, TAMS=top-at-mark-start, PB=parsable bottom
|   0|0x0000000083600000, 0x0000000083700000, 0x0000000083700000|100%|HS|  |TAMS 0x0000000083600000| PB 0x0000000083600000| Complete |  0
|   1|0x0000000083700000, 0x0000000083800000, 0x0000000083800000|100%|HS|  |TAMS 0x0000000083700000| PB 0x0000000083700000| Complete |  0
|   2|0x0000000083800000, 0x0000000083900000, 0x0000000083900000|100%|HS|  |TAMS 0x0000000083800000| PB 0x0000000083800000| Complete |  0
|   3|0x0000000083900000, 0x0000000083a00000, 0x0000000083a00000|100%| O|  |TAMS 0x0000000083900000| PB 0x0000000083900000| Untracked |  0
|   4|0x0000000083a00000, 0x0000000083b00000, 0x0000000083b00000|100%| O|  |TAMS 0x0000000083a00000| PB 0x0000000083a00000| Untracked |  0
|   5|0x0000000083b00000, 0x0000000083c00000, 0x0000000083c00000|100%| O|  |TAMS 0x0000000083b00000| PB 0x0000000083b00000| Untracked |  0
|   6|0x0000000083c00000, 0x0000000083d00000, 0x0000000083d00000|100%| O|  |TAMS 0x0000000083c00000| PB 0x0000000083c00000| Untracked |  0
|   7|0x0000000083d00000, 0x0000000083e00000, 0x0000000083e00000|100%| O|  |TAMS 0x0000000083d00000| PB 0x0000000083d00000| Untracked |  0
|   8|0x0000000083e00000, 0x0000000083f00000, 0x0000000083f00000|100%| O|  |TAMS 0x0000000083e00000| PB 0x0000000083e00000| Untracked |  0
|   9|0x0000000083f00000, 0x0000000084000000, 0x0000000084000000|100%| O|  |TAMS 0x0000000083f00000| PB 0x0000000083f00000| Untracked |  0
|  10|0x0000000084000000, 0x0000000084100000, 0x0000000084100000|100%| O|  |TAMS 0x0000000084000000| PB 0x0000000084000000| Untracked |  0
|  11|0x0000000084100000, 0x0000000084200000, 0x0000000084200000|100%| O|  |TAMS 0x0000000084100000| PB 0x0000000084100000| Untracked |  0
|  12|0x0000000084200000, 0x0000000084300000, 0x0000000084300000|100%| O|  |TAMS 0x0000000084200000| PB 0x0000000084200000| Untracked |  0
|  13|0x0000000084300000, 0x00000000843fb300, 0x0000000084400000| 98%| O|Cm|TAMS 0x0000000084300000| PB 0x0000000084300000| Complete |  0
|  14|0x0000000084400000, 0x0000000084500000, 0x0000000084500000|100%| O|  |TAMS 0x0000000084400000| PB 0x0000000084400000| Untracked |  0
|  15|0x0000000084500000, 0x0000000084600000, 0x0000000084600000|100%| O|  |TAMS 0x0000000084500000| PB 0x0000000084500000| Untracked |  0
|  16|0x0000000084600000, 0x0000000084700000, 0x0000000084700000|100%| O|  |TAMS 0x0000000084600000| PB 0x0000000084600000| Untracked |  0
|  17|0x0000000084700000, 0x0000000084800000, 0x0000000084800000|100%| O|  |TAMS 0x0000000084700000| PB 0x0000000084700000| Untracked |  0
|  18|0x0000000084800000, 0x0000000084900000, 0x0000000084900000|100%| O|  |TAMS 0x0000000084800000| PB 0x0000000084800000| Untracked |  0
|  19|0x0000000084900000, 0x0000000084a00000, 0x0000000084a00000|100%| O|  |TAMS 0x0000000084900000| PB 0x0000000084900000| Untracked |  0
|  20|0x0000000084a00000, 0x0000000084b00000, 0x0000000084b00000|100%| O|  |TAMS 0x0000000084a00000| PB 0x0000000084a00000| Untracked |  0
|  21|0x0000000084b00000, 0x0000000084b409c0, 0x0000000084c00000| 25%| O|  |TAMS 0x0000000084b00000| PB 0x0000000084b00000| Untracked |  0
|  22|0x0000000084c00000, 0x0000000084c00000, 0x0000000084d00000|  0%| F|  |TAMS 0x0000000084c00000| PB 0x0000000084c00000| Untracked |  0
|  23|0x0000000084d00000, 0x0000000084d00000, 0x0000000084e00000|  0%| F|  |TAMS 0x0000000084d00000| PB 0x0000000084d00000| Untracked |  0
|  24|0x0000000084e00000, 0x0000000084e00000, 0x0000000084f00000|  0%| F|  |TAMS 0x0000000084e00000| PB 0x0000000084e00000| Untracked |  0
|  25|0x0000000084f00000, 0x0000000084f00000, 0x0000000085000000|  0%| F|  |TAMS 0x0000000084f00000| PB 0x0000000084f00000| Untracked |  0
|  26|0x0000000085000000, 0x0000000085000000, 0x0000000085100000|  0%| F|  |TAMS 0x0000000085000000| PB 0x0000000085000000| Untracked |  0
|  27|0x0000000085100000, 0x0000000085100000, 0x0000000085200000|  0%| F|  |TAMS 0x0000000085100000| PB 0x0000000085100000| Untracked |  0
|  28|0x0000000085200000, 0x0000000085200000, 0x0000000085300000|  0%| F|  |TAMS 0x0000000085200000| PB 0x0000000085200000| Untracked |  0
|  29|0x0000000085300000, 0x0000000085300000, 0x0000000085400000|  0%| F|  |TAMS 0x0000000085300000| PB 0x0000000085300000| Untracked |  0
|  30|0x0000000085400000, 0x0000000085400000, 0x0000000085500000|  0%| F|  |TAMS 0x0000000085400000| PB 0x0000000085400000| Untracked |  0
|  31|0x0000000085500000, 0x0000000085500000, 0x0000000085600000|  0%| F|  |TAMS 0x0000000085500000| PB 0x0000000085500000| Untracked |  0
|  32|0x0000000085600000, 0x0000000085695928, 0x0000000085700000| 58%| S|CS|TAMS 0x0000000085600000| PB 0x0000000085600000| Complete |  0
|  33|0x0000000085700000, 0x0000000085800000, 0x0000000085800000|100%| S|CS|TAMS 0x0000000085700000| PB 0x0000000085700000| Complete |  0
|  34|0x0000000085800000, 0x0000000085900000, 0x0000000085900000|100%| S|CS|TAMS 0x0000000085800000| PB 0x0000000085800000| Complete |  0
|  35|0x0000000085900000, 0x0000000085a00000, 0x0000000085a00000|100%| S|CS|TAMS 0x0000000085900000| PB 0x0000000085900000| Complete |  0
|  36|0x0000000085a00000, 0x0000000085a00000, 0x0000000085b00000|  0%| F|  |TAMS 0x0000000085a00000| PB 0x0000000085a00000| Untracked |  0
|  37|0x0000000085b00000, 0x0000000085b00000, 0x0000000085c00000|  0%| F|  |TAMS 0x0000000085b00000| PB 0x0000000085b00000| Untracked |  0
|  38|0x0000000085c00000, 0x0000000085c00000, 0x0000000085d00000|  0%| F|  |TAMS 0x0000000085c00000| PB 0x0000000085c00000| Untracked |  0
|  39|0x0000000085d00000, 0x0000000085d00000, 0x0000000085e00000|  0%| F|  |TAMS 0x0000000085d00000| PB 0x0000000085d00000| Untracked |  0
|  40|0x0000000085e00000, 0x0000000085e00000, 0x0000000085f00000|  0%| F|  |TAMS 0x0000000085e00000| PB 0x0000000085e00000| Untracked |  0
|  41|0x0000000085f00000, 0x0000000085f00000, 0x0000000086000000|  0%| F|  |TAMS 0x0000000085f00000| PB 0x0000000085f00000| Untracked |  0
|  42|0x0000000086000000, 0x0000000086000000, 0x0000000086100000|  0%| F|  |TAMS 0x0000000086000000| PB 0x0000000086000000| Untracked |  0
|  43|0x0000000086100000, 0x0000000086100000, 0x0000000086200000|  0%| F|  |TAMS 0x0000000086100000| PB 0x0000000086100000| Untracked |  0
|  44|0x0000000086200000, 0x0000000086200000, 0x0000000086300000|  0%| F|  |TAMS 0x0000000086200000| PB 0x0000000086200000| Untracked |  0
|  45|0x0000000086300000, 0x0000000086300000, 0x0000000086400000|  0%| F|  |TAMS 0x0000000086300000| PB 0x0000000086300000| Untracked |  0
|  46|0x0000000086400000, 0x0000000086400000, 0x0000000086500000|  0%| F|  |TAMS 0x0000000086400000| PB 0x0000000086400000| Untracked |  0
|  47|0x0000000086500000, 0x0000000086500000, 0x0000000086600000|  0%| F|  |TAMS 0x0000000086500000| PB 0x0000000086500000| Untracked |  0
|  48|0x0000000086600000, 0x0000000086600000, 0x0000000086700000|  0%| F|  |TAMS 0x0000000086600000| PB 0x0000000086600000| Untracked |  0
|  49|0x0000000086700000, 0x0000000086700000, 0x0000000086800000|  0%| F|  |TAMS 0x0000000086700000| PB 0x0000000086700000| Untracked |  0
|  50|0x0000000086800000, 0x0000000086800000, 0x0000000086900000|  0%| F|  |TAMS 0x0000000086800000| PB 0x0000000086800000| Untracked |  0
|  51|0x0000000086900000, 0x0000000086900000, 0x0000000086a00000|  0%| F|  |TAMS 0x0000000086900000| PB 0x0000000086900000| Untracked |  0
|  52|0x0000000086a00000, 0x0000000086a00000, 0x0000000086b00000|  0%| F|  |TAMS 0x0000000086a00000| PB 0x0000000086a00000| Untracked |  0
|  53|0x0000000086b00000, 0x0000000086b00000, 0x0000000086c00000|  0%| F|  |TAMS 0x0000000086b00000| PB 0x0000000086b00000| Untracked |  0
|  54|0x0000000086c00000, 0x0000000086c00000, 0x0000000086d00000|  0%| F|  |TAMS 0x0000000086c00000| PB 0x0000000086c00000| Untracked |  0
|  55|0x0000000086d00000, 0x0000000086d00000, 0x0000000086e00000|  0%| F|  |TAMS 0x0000000086d00000| PB 0x0000000086d00000| Untracked |  0
|  56|0x0000000086e00000, 0x0000000086e00000, 0x0000000086f00000|  0%| F|  |TAMS 0x0000000086e00000| PB 0x0000000086e00000| Untracked |  0
|  57|0x0000000086f00000, 0x0000000087000000, 0x0000000087000000|100%| E|  |TAMS 0x0000000086f00000| PB 0x0000000086f00000| Complete |  0
|  58|0x0000000087000000, 0x0000000087100000, 0x0000000087100000|100%| E|CS|TAMS 0x0000000087000000| PB 0x0000000087000000| Complete |  0
|  59|0x0000000087100000, 0x0000000087200000, 0x0000000087200000|100%| E|CS|TAMS 0x0000000087100000| PB 0x0000000087100000| Complete |  0
|  60|0x0000000087200000, 0x0000000087300000, 0x0000000087300000|100%| E|CS|TAMS 0x0000000087200000| PB 0x0000000087200000| Complete |  0
|  61|0x0000000087300000, 0x0000000087400000, 0x0000000087400000|100%| E|CS|TAMS 0x0000000087300000| PB 0x0000000087300000| Complete |  0
|  62|0x0000000087400000, 0x0000000087500000, 0x0000000087500000|100%| E|  |TAMS 0x0000000087400000| PB 0x0000000087400000| Complete |  0
|  63|0x0000000087500000, 0x0000000087600000, 0x0000000087600000|100%| E|CS|TAMS 0x0000000087500000| PB 0x0000000087500000| Complete |  0
|  64|0x0000000087600000, 0x0000000087700000, 0x0000000087700000|100%| E|CS|TAMS 0x0000000087600000| PB 0x0000000087600000| Complete |  0
|  65|0x0000000087700000, 0x0000000087800000, 0x0000000087800000|100%| E|CS|TAMS 0x0000000087700000| PB 0x0000000087700000| Complete |  0
|  66|0x0000000087800000, 0x0000000087900000, 0x0000000087900000|100%| E|CS|TAMS 0x0000000087800000| PB 0x0000000087800000| Complete |  0
|  71|0x0000000087d00000, 0x0000000087e00000, 0x0000000087e00000|100%| E|CS|TAMS 0x0000000087d00000| PB 0x0000000087d00000| Complete |  0
|  72|0x0000000087e00000, 0x0000000087f00000, 0x0000000087f00000|100%| E|CS|TAMS 0x0000000087e00000| PB 0x0000000087e00000| Complete |  0
|  79|0x0000000088500000, 0x0000000088600000, 0x0000000088600000|100%| E|CS|TAMS 0x0000000088500000| PB 0x0000000088500000| Complete |  0
|  80|0x0000000088600000, 0x0000000088700000, 0x0000000088700000|100%| E|CS|TAMS 0x0000000088600000| PB 0x0000000088600000| Complete |  0
|  81|0x0000000088700000, 0x0000000088800000, 0x0000000088800000|100%| E|CS|TAMS 0x0000000088700000| PB 0x0000000088700000| Complete |  0
| 125|0x000000008b300000, 0x000000008b400000, 0x000000008b400000|100%| E|CS|TAMS 0x000000008b300000| PB 0x000000008b300000| Complete |  0
|1988|0x00000000ffa00000, 0x00000000ffb00000, 0x00000000ffb00000|100%| O|  |TAMS 0x00000000ffa00000| PB 0x00000000ffa00000| Untracked |  0
|1989|0x00000000ffb00000, 0x00000000ffc00000, 0x00000000ffc00000|100%| O|  |TAMS 0x00000000ffb00000| PB 0x00000000ffb00000| Untracked |  0
|1990|0x00000000ffc00000, 0x00000000ffd00000, 0x00000000ffd00000|100%| O|  |TAMS 0x00000000ffc00000| PB 0x00000000ffc00000| Untracked |  0
|1991|0x00000000ffd00000, 0x00000000ffe00000, 0x00000000ffe00000|100%| O|  |TAMS 0x00000000ffd00000| PB 0x00000000ffd00000| Untracked |  0
|1992|0x00000000ffe00000, 0x00000000fff00000, 0x00000000fff00000|100%| O|  |TAMS 0x00000000ffe00000| PB 0x00000000ffe00000| Untracked |  0
|1993|0x00000000fff00000, 0x0000000100000000, 0x0000000100000000|100%| E|CS|TAMS 0x00000000fff00000| PB 0x00000000fff00000| Complete |  0

Card table byte_map: [0x0000021d60270000,0x0000021d60660000] _byte_map_base: 0x0000021d5fe55000

Marking Bits: (CMBitMap*) 0x0000021d48203550
 Bits: [0x0000021d60660000, 0x0000021d62588000)

Polling page: 0x0000021d47970000

Metaspace:

Usage:
  Non-class:     44.92 MB used.
      Class:      5.23 MB used.
       Both:     50.14 MB used.

Virtual space:
  Non-class space:       64.00 MB reserved,      45.12 MB ( 71%) committed,  1 nodes.
      Class space:        1.00 GB reserved,       5.38 MB ( <1%) committed,  1 nodes.
             Both:        1.06 GB reserved,      50.50 MB (  5%) committed. 

Chunk freelists:
   Non-Class:  2.67 MB
       Class:  10.63 MB
        Both:  13.30 MB

MaxMetaspaceSize: unlimited
CompressedClassSpaceSize: 1.00 GB
Initial GC threshold: 21.00 MB
Current GC threshold: 58.75 MB
CDS: on
 - commit_granule_bytes: 65536.
 - commit_granule_words: 8192.
 - virtual_space_node_default_size: 8388608.
 - enlarge_chunks_in_place: 1.
UseCompressedClassPointers 1, UseCompactObjectHeaders 0
Narrow klass pointer bits 32, Max shift 3
Narrow klass base: 0x0000021d00000000, Narrow klass shift: 0
Encoding Range: [0x0000021d00000000 - 0x0000021e00000000), (4294967296 bytes)
Klass Range:    [0x0000021d00000000 - 0x0000021d41000000), (1090519040 bytes)
Klass ID Range:  [8 - 1090519033) (1090519025)


Internal statistics:

num_allocs_failed_limit: 6.
num_arena_births: 442.
num_arena_deaths: 0.
num_vsnodes_births: 2.
num_vsnodes_deaths: 0.
num_space_committed: 809.
num_space_uncommitted: 0.
num_chunks_returned_to_freelist: 6.
num_chunks_taken_from_freelist: 2113.
num_chunk_merges: 6.
num_chunk_splits: 1590.
num_chunks_enlarged: 1340.
num_inconsistent_stats: 0.

CodeHeap 'non-profiled nmethods': size=120064Kb used=2716Kb max_used=2716Kb free=117347Kb
 bounds [0x0000021d58500000, 0x0000021d587b0000, 0x0000021d5fa40000]
CodeHeap 'profiled nmethods': size=120000Kb used=8338Kb max_used=8541Kb free=111661Kb
 bounds [0x0000021d50a40000, 0x0000021d512a0000, 0x0000021d57f70000]
CodeHeap 'non-nmethods': size=5696Kb used=1633Kb max_used=1760Kb free=4062Kb
 bounds [0x0000021d57f70000, 0x0000021d581e0000, 0x0000021d58500000]
CodeCache: size=245760Kb, used=12687Kb, max_used=13017Kb, free=233070Kb
 total_blobs=5394, nmethods=4752, adapters=546, full_count=0
Compilation: enabled, stopped_count=0, restarted_count=0

Compilation events (20 events):
Event: 10.210 Thread 0x0000021d64a25770 nmethod 5197 0x0000021d587a5d08 code [0x0000021d587a5e00, 0x0000021d587a5e70]
Event: 10.228 Thread 0x0000021d64a25770 5199       4       java.lang.AbstractStringBuilder::append (45 bytes)
Event: 10.231 Thread 0x0000021d64a25770 nmethod 5199 0x0000021d587a6308 code [0x0000021d587a6440, 0x0000021d587a68c8]
Event: 10.261 Thread 0x0000021d64a2a270 5200       3       java.util.regex.Pattern::qtype (39 bytes)
Event: 10.261 Thread 0x0000021d64a2a270 nmethod 5200 0x0000021d50b64708 code [0x0000021d50b64860, 0x0000021d50b64ab8]
Event: 10.261 Thread 0x0000021d64a2a270 5201       3       java.util.regex.Pattern$CharProperty::study (29 bytes)
Event: 10.261 Thread 0x0000021d64a2a270 nmethod 5201 0x0000021d50d33d08 code [0x0000021d50d33e20, 0x0000021d50d34010]
Event: 10.261 Thread 0x0000021d64a2a270 5202       3       java.lang.Character::isDigit (9 bytes)
Event: 10.261 Thread 0x0000021d64a2a270 nmethod 5202 0x0000021d50d33988 code [0x0000021d50d33ac0, 0x0000021d50d33cb8]
Event: 10.388 Thread 0x0000021d64a2a270 5203       1       org.hibernate.service.spi.ServiceBinding::getService (5 bytes)
Event: 10.388 Thread 0x0000021d64a2a270 nmethod 5203 0x0000021d587a6908 code [0x0000021d587a6a00, 0x0000021d587a6ac8]
Event: 10.390 Thread 0x0000021d64a2a270 5204       3       jdk.internal.constant.ArrayClassDescImpl::<init> (15 bytes)
Event: 10.390 Thread 0x0000021d64a2a270 nmethod 5204 0x0000021d50d33688 code [0x0000021d50d337a0, 0x0000021d50d33958]
Event: 10.390 Thread 0x0000021d64a25770 5205       4       java.lang.PublicMethods$Key::hashCode (19 bytes)
Event: 10.393 Thread 0x0000021d64a25770 nmethod 5205 0x0000021d587a6c08 code [0x0000021d587a6d20, 0x0000021d587a6f08]
Event: 10.396 Thread 0x0000021d64a25770 5206       4       jdk.internal.loader.BuiltinClassLoader::isSealed (71 bytes)
Event: 10.406 Thread 0x0000021d64a2a270 5207       3       java.lang.reflect.ProxyGenerator$PrimitiveTypeInfo::get (97 bytes)
Event: 10.407 Thread 0x0000021d64a2a270 nmethod 5207 0x0000021d50a7da88 code [0x0000021d50a7dc20, 0x0000021d50a7e0f0]
Event: 10.416 Thread 0x0000021d64a2a270 5209       1       java.lang.invoke.MethodHandle::isVarargsCollector (2 bytes)
Event: 10.416 Thread 0x0000021d64a2a270 nmethod 5209 0x0000021d587a6f88 code [0x0000021d587a7080, 0x0000021d587a7148]

GC Heap History (12 events):
Event: 2.456 GC heap before
{Heap before GC invocations=0 (full 0):
 garbage-first heap   total reserved 2041856K, committed 131072K, used 56436K [0x0000000083600000, 0x0000000100000000)
  region size 1024K, 47 young (48128K), 0 survivors (0K)
 Metaspace       used 9772K, committed 9984K, reserved 1114112K
  class space    used 937K, committed 1024K, reserved 1048576K
}
Event: 2.470 GC heap after
{Heap after GC invocations=1 (full 0):
 garbage-first heap   total reserved 2041856K, committed 131072K, used 15050K [0x0000000083600000, 0x0000000100000000)
  region size 1024K, 6 young (6144K), 6 survivors (6144K)
 Metaspace       used 9772K, committed 9984K, reserved 1114112K
  class space    used 937K, committed 1024K, reserved 1048576K
}
Event: 4.080 GC heap before
{Heap before GC invocations=1 (full 0):
 garbage-first heap   total reserved 2041856K, committed 131072K, used 59082K [0x0000000083600000, 0x0000000100000000)
  region size 1024K, 50 young (51200K), 6 survivors (6144K)
 Metaspace       used 21283K, committed 21504K, reserved 1114112K
  class space    used 2020K, committed 2112K, reserved 1048576K
}
Event: 4.097 GC heap after
{Heap after GC invocations=2 (full 0):
 garbage-first heap   total reserved 2041856K, committed 131072K, used 20577K [0x0000000083600000, 0x0000000100000000)
  region size 1024K, 5 young (5120K), 5 survivors (5120K)
 Metaspace       used 21283K, committed 21504K, reserved 1114112K
  class space    used 2020K, committed 2112K, reserved 1048576K
}
Event: 6.306 GC heap before
{Heap before GC invocations=3 (full 0):
 garbage-first heap   total reserved 2041856K, committed 71680K, used 70753K [0x0000000083600000, 0x0000000100000000)
  region size 1024K, 54 young (55296K), 5 survivors (5120K)
 Metaspace       used 28439K, committed 28736K, reserved 1114112K
  class space    used 2931K, committed 3072K, reserved 1048576K
}
Event: 6.326 GC heap after
{Heap after GC invocations=4 (full 0):
 garbage-first heap   total reserved 2041856K, committed 80896K, used 24576K [0x0000000083600000, 0x0000000100000000)
  region size 1024K, 5 young (5120K), 5 survivors (5120K)
 Metaspace       used 28439K, committed 28736K, reserved 1114112K
  class space    used 2931K, committed 3072K, reserved 1048576K
}
Event: 7.895 GC heap before
{Heap before GC invocations=4 (full 0):
 garbage-first heap   total reserved 2041856K, committed 80896K, used 59392K [0x0000000083600000, 0x0000000100000000)
  region size 1024K, 38 young (38912K), 5 survivors (5120K)
 Metaspace       used 34072K, committed 34432K, reserved 1114112K
  class space    used 3591K, committed 3776K, reserved 1048576K
}
Event: 7.903 GC heap after
{Heap after GC invocations=5 (full 0):
 garbage-first heap   total reserved 2041856K, committed 80896K, used 27011K [0x0000000083600000, 0x0000000100000000)
  region size 1024K, 3 young (3072K), 3 survivors (3072K)
 Metaspace       used 34072K, committed 34432K, reserved 1114112K
  class space    used 3591K, committed 3776K, reserved 1048576K
}
Event: 8.172 GC heap before
{Heap before GC invocations=5 (full 0):
 garbage-first heap   total reserved 2041856K, committed 80896K, used 32131K [0x0000000083600000, 0x0000000100000000)
  region size 1024K, 9 young (9216K), 3 survivors (3072K)
 Metaspace       used 35647K, committed 35968K, reserved 1114112K
  class space    used 3738K, committed 3904K, reserved 1048576K
}
Event: 8.175 GC heap after
{Heap after GC invocations=6 (full 0):
 garbage-first heap   total reserved 2041856K, committed 80896K, used 27071K [0x0000000083600000, 0x0000000100000000)
  region size 1024K, 3 young (3072K), 3 survivors (3072K)
 Metaspace       used 35647K, committed 35968K, reserved 1114112K
  class space    used 3738K, committed 3904K, reserved 1048576K
}
Event: 9.914 GC heap before
{Heap before GC invocations=7 (full 0):
 garbage-first heap   total reserved 2041856K, committed 80896K, used 62911K [0x0000000083600000, 0x0000000100000000)
  region size 1024K, 38 young (38912K), 3 survivors (3072K)
 Metaspace       used 45361K, committed 45824K, reserved 1114112K
  class space    used 4779K, committed 4992K, reserved 1048576K
}
Event: 9.920 GC heap after
{Heap after GC invocations=8 (full 0):
 garbage-first heap   total reserved 2041856K, committed 80896K, used 30533K [0x0000000083600000, 0x0000000100000000)
  region size 1024K, 4 young (4096K), 4 survivors (4096K)
 Metaspace       used 45361K, committed 45824K, reserved 1114112K
  class space    used 4779K, committed 4992K, reserved 1048576K
}

Dll operation events (13 events):
Event: 0.024 Loaded shared library C:\Program Files\Java\jdk-24\bin\java.dll
Event: 0.075 Loaded shared library C:\Program Files\Java\jdk-24\bin\jsvml.dll
Event: 0.293 Loaded shared library C:\Program Files\Java\jdk-24\bin\zip.dll
Event: 0.297 Loaded shared library C:\Program Files\Java\jdk-24\bin\instrument.dll
Event: 0.304 Loaded shared library C:\Program Files\Java\jdk-24\bin\net.dll
Event: 0.307 Loaded shared library C:\Program Files\Java\jdk-24\bin\nio.dll
Event: 0.325 Loaded shared library C:\Program Files\Java\jdk-24\bin\zip.dll
Event: 0.616 Loaded shared library C:\Program Files\Java\jdk-24\bin\extnet.dll
Event: 0.709 Loaded shared library C:\Program Files\Java\jdk-24\bin\jimage.dll
Event: 3.334 Loaded shared library C:\Program Files\Java\jdk-24\bin\sunmscapi.dll
Event: 7.078 Loaded shared library C:\Program Files\Java\jdk-24\bin\management.dll
Event: 7.081 Loaded shared library C:\Program Files\Java\jdk-24\bin\management_ext.dll
Event: 8.523 Loaded shared library C:\Program Files\Java\jdk-24\bin\verify.dll

Deoptimization events (20 events):
Event: 9.614 Thread 0x0000021d481ab250 Uncommon trap: trap_request=0xffffff45 fr.pc=0x0000021d58767b60 relative=0x0000000000000160
Event: 9.614 Thread 0x0000021d481ab250 Uncommon trap: reason=unstable_fused_if action=reinterpret pc=0x0000021d58767b60 method=java.lang.CharacterDataLatin1.equalsIgnoreCase(BB)Z @ 16 c2
Event: 9.614 Thread 0x0000021d481ab250 DEOPT PACKING pc=0x0000021d58767b60 sp=0x000000a1ac7fd910
Event: 9.614 Thread 0x0000021d481ab250 DEOPT UNPACKING pc=0x0000021d58096882 sp=0x000000a1ac7fd830 mode 2
Event: 9.614 Thread 0x0000021d481ab250 Uncommon trap: trap_request=0xffffff45 fr.pc=0x0000021d585ce268 relative=0x0000000000000068
Event: 9.614 Thread 0x0000021d481ab250 Uncommon trap: reason=unstable_fused_if action=reinterpret pc=0x0000021d585ce268 method=java.lang.CharacterDataLatin1.equalsIgnoreCase(BB)Z @ 16 c2
Event: 9.614 Thread 0x0000021d481ab250 DEOPT PACKING pc=0x0000021d585ce268 sp=0x000000a1ac7fd8c0
Event: 9.614 Thread 0x0000021d481ab250 DEOPT UNPACKING pc=0x0000021d58096882 sp=0x000000a1ac7fd850 mode 2
Event: 9.633 Thread 0x0000021d481ab250 Uncommon trap: trap_request=0xffffff4d fr.pc=0x0000021d585ee6ec relative=0x000000000000384c
Event: 9.633 Thread 0x0000021d481ab250 Uncommon trap: reason=unstable_if action=reinterpret pc=0x0000021d585ee6ec method=jdk.internal.classfile.impl.StackCounter.<init>(Ljdk/internal/classfile/impl/LabelContext;Ljava/lang/classfile/attribute/StackMapTableAttribute;Ljava/lang/constant/ClassDesc
Event: 9.633 Thread 0x0000021d481ab250 DEOPT PACKING pc=0x0000021d585ee6ec sp=0x000000a1ac7fc4a0
Event: 9.633 Thread 0x0000021d481ab250 DEOPT UNPACKING pc=0x0000021d58096882 sp=0x000000a1ac7fc3f8 mode 2
Event: 9.874 Thread 0x0000021d481ab250 Uncommon trap: trap_request=0xffffff4d fr.pc=0x0000021d5878defc relative=0x00000000000075bc
Event: 9.874 Thread 0x0000021d481ab250 Uncommon trap: reason=unstable_if action=reinterpret pc=0x0000021d5878defc method=jdk.internal.loader.BuiltinClassLoader.getAndVerifyPackage(Ljava/lang/String;Ljava/util/jar/Manifest;Ljava/net/URL;)Ljava/lang/Package; @ 64 c2
Event: 9.874 Thread 0x0000021d481ab250 DEOPT PACKING pc=0x0000021d5878defc sp=0x000000a1ac7fd2a0
Event: 9.874 Thread 0x0000021d481ab250 DEOPT UNPACKING pc=0x0000021d58096882 sp=0x000000a1ac7fd0b8 mode 2
Event: 10.418 Thread 0x0000021d481ab250 Uncommon trap: trap_request=0xffffff4d fr.pc=0x0000021d5879f6bc relative=0x0000000000001e7c
Event: 10.418 Thread 0x0000021d481ab250 Uncommon trap: reason=unstable_if action=reinterpret pc=0x0000021d5879f6bc method=jdk.internal.loader.Resource.getBytes()[B @ 35 c2
Event: 10.418 Thread 0x0000021d481ab250 DEOPT PACKING pc=0x0000021d5879f6bc sp=0x000000a1ac7fbeb0
Event: 10.418 Thread 0x0000021d481ab250 DEOPT UNPACKING pc=0x0000021d58096882 sp=0x000000a1ac7fbea0 mode 2

Classes loaded (20 events):
Event: 9.653 Loading class jdk/internal/reflect/MethodHandleIntegerFieldAccessorImpl
Event: 9.653 Loading class jdk/internal/reflect/MethodHandleIntegerFieldAccessorImpl done
Event: 9.939 Loading class jdk/internal/ValueBased
Event: 9.940 Loading class jdk/internal/ValueBased done
Event: 9.972 Loading class java/util/stream/ReduceOps$1
Event: 9.972 Loading class java/util/stream/ReduceOps$1 done
Event: 9.972 Loading class java/util/stream/ReduceOps$1ReducingSink
Event: 9.972 Loading class java/util/stream/ReduceOps$1ReducingSink done
Event: 10.058 Loading class javax/naming/RefAddr
Event: 10.059 Loading class javax/naming/RefAddr done
Event: 10.059 Loading class javax/naming/StringRefAddr
Event: 10.059 Loading class javax/naming/StringRefAddr done
Event: 10.094 Loading class java/util/concurrent/CompletableFuture$AltResult
Event: 10.095 Loading class java/util/concurrent/CompletableFuture$AltResult done
Event: 10.095 Loading class java/util/concurrent/CompletableFuture$Completion
Event: 10.095 Loading class java/util/concurrent/CompletableFuture$AsynchronousCompletionTask
Event: 10.095 Loading class java/util/concurrent/CompletableFuture$AsynchronousCompletionTask done
Event: 10.095 Loading class java/util/concurrent/CompletableFuture$Completion done
Event: 10.172 Loading class java/util/concurrent/CancellationException
Event: 10.172 Loading class java/util/concurrent/CancellationException done

Classes unloaded (0 events):
No events

Classes redefined (0 events):
No events

Internal exceptions (20 events):
Event: 7.043 Thread 0x0000021d481ab250 Exception <a 'java/lang/NoSuchMethodError'{0x0000000086bd89e8}: 'int java.lang.invoke.DirectMethodHandle$Holder.invokeVirtual(java.lang.Object, java.lang.Object, java.lang.Object, java.lang.Object)'> (0x0000000086bd89e8) 
thrown [s\open\src\hotspot\share\interpreter\linkResolver.cpp, line 805]
Event: 7.044 Thread 0x0000021d481ab250 Exception <a 'java/lang/NoSuchMethodError'{0x0000000086be0f88}: 'int java.lang.invoke.DelegatingMethodHandle$Holder.reinvoke_L(java.lang.Object, java.lang.Object, java.lang.Object, java.lang.Object)'> (0x0000000086be0f88) 
thrown [s\open\src\hotspot\share\interpreter\linkResolver.cpp, line 805]
Event: 7.098 Thread 0x0000021d481ab250 Exception <a 'java/io/FileNotFoundException'{0x0000000086909080}> (0x0000000086909080) 
thrown [s\open\src\hotspot\share\prims\jni.cpp, line 518]
Event: 7.140 Thread 0x0000021d481ab250 Exception <a 'java/io/IOException'{0x0000000086731ef8}> (0x0000000086731ef8) 
thrown [s\open\src\hotspot\share\prims\jni.cpp, line 518]
Event: 7.142 Thread 0x0000021d481ab250 Exception <a 'java/io/IOException'{0x0000000086732618}> (0x0000000086732618) 
thrown [s\open\src\hotspot\share\prims\jni.cpp, line 518]
Event: 7.142 Thread 0x0000021d481ab250 Exception <a 'java/io/IOException'{0x0000000086732d28}> (0x0000000086732d28) 
thrown [s\open\src\hotspot\share\prims\jni.cpp, line 518]
Event: 7.167 Thread 0x0000021d481ab250 Exception <a 'java/io/IOException'{0x00000000867ac318}> (0x00000000867ac318) 
thrown [s\open\src\hotspot\share\prims\jni.cpp, line 518]
Event: 7.172 Thread 0x0000021d481ab250 Exception <a 'java/io/IOException'{0x00000000867afe68}> (0x00000000867afe68) 
thrown [s\open\src\hotspot\share\prims\jni.cpp, line 518]
Event: 7.174 Thread 0x0000021d481ab250 Exception <a 'java/io/IOException'{0x00000000867b0918}> (0x00000000867b0918) 
thrown [s\open\src\hotspot\share\prims\jni.cpp, line 518]
Event: 7.196 Thread 0x0000021d481ab250 Exception <a 'java/lang/NoSuchMethodError'{0x000000008663f280}: 'int java.lang.invoke.DirectMethodHandle$Holder.invokeInterface(java.lang.Object, java.lang.Object, java.lang.Object, java.lang.Object)'> (0x000000008663f280) 
thrown [s\open\src\hotspot\share\interpreter\linkResolver.cpp, line 805]
Event: 7.366 Thread 0x0000021d481ab250 Exception <a 'java/lang/NoSuchMethodError'{0x0000000086455bf8}: 'long java.lang.invoke.DirectMethodHandle$Holder.invokeVirtual(java.lang.Object, java.lang.Object)'> (0x0000000086455bf8) 
thrown [s\open\src\hotspot\share\interpreter\linkResolver.cpp, line 805]
Event: 7.534 Thread 0x0000021d481ab250 Exception <a 'java/lang/NoSuchMethodError'{0x0000000085e083f8}: 'java.lang.Object java.lang.invoke.DirectMethodHandle$Holder.newInvokeSpecial(java.lang.Object, java.lang.Object, java.lang.Object, java.lang.Object, java.lang.Object, java.lang.Object, java.lang.Object, java.lang.Object, java.lang.Object, java.lang.Object, java.lang.Object)'> (0x0000000085e083f8) 
thrown [s\open\src\hotspot\share\interpreter\linkResolver.cpp, line 805]
Event: 7.540 Thread 0x0000021d481ab250 Exception <a 'java/lang/NoSuchMethodError'{0x0000000085e4cbc8}: 'java.lang.Object java.lang.invoke.DirectMethodHandle$Holder.invokeStatic(java.lang.Object, java.lang.Object, java.lang.Object, java.lang.Object, java.lang.Object, java.lang.Object, java.lang.Object, java.lang.Object, java.lang.Object)'> (0x0000000085e4cbc8) 
thrown [s\open\src\hotspot\share\interpreter\linkResolver.cpp, line 805]
Event: 7.807 Thread 0x0000021d481ab250 Exception <a 'java/lang/NoSuchMethodError'{0x0000000085a28b70}: 'void java.lang.invoke.DelegatingMethodHandle$Holder.reinvoke_L(java.lang.Object, java.lang.Object, java.lang.Object, java.lang.Object, int, java.lang.Object, java.lang.Object, java.lang.Object)'> (0x0000000085a28b70) 
thrown [s\open\src\hotspot\share\interpreter\linkResolver.cpp, line 805]
Event: 7.814 Thread 0x0000021d481ab250 Exception <a 'java/lang/NoSuchMethodError'{0x0000000085a7c3e8}: 'java.lang.Object java.lang.invoke.DirectMethodHandle$Holder.invokeStatic(java.lang.Object, java.lang.Object, java.lang.Object, java.lang.Object, java.lang.Object, java.lang.Object, java.lang.Object, java.lang.Object, java.lang.Object, java.lang.Object)'> (0x0000000085a7c3e8) 
thrown [s\open\src\hotspot\share\interpreter\linkResolver.cpp, line 805]
Event: 9.629 Thread 0x0000021d481ab250 Exception <a 'java/lang/NoSuchMethodError'{0x0000000086188ab0}: 'java.lang.Object java.lang.invoke.DirectMethodHandle$Holder.invokeStaticInit(java.lang.Object, java.lang.Object, java.lang.Object, java.lang.Object)'> (0x0000000086188ab0) 
thrown [s\open\src\hotspot\share\interpreter\linkResolver.cpp, line 805]
Event: 9.654 Thread 0x0000021d481ab250 Exception <a 'java/lang/NoSuchMethodError'{0x0000000086044eb0}: 'int java.lang.invoke.Invokers$Holder.invokeExact_MT(java.lang.Object, java.lang.Object)'> (0x0000000086044eb0) 
thrown [s\open\src\hotspot\share\interpreter\linkResolver.cpp, line 805]
Event: 10.188 Thread 0x0000021d481ab250 Exception <a 'java/lang/IncompatibleClassChangeError'{0x00000000877ab460}: Found class java.lang.Object, but interface was expected> (0x00000000877ab460) 
thrown [s\open\src\hotspot\share\interpreter\linkResolver.cpp, line 872]
Event: 10.215 Thread 0x0000021d481ab250 Exception <a 'java/lang/NoSuchMethodError'{0x00000000876579f0}: 'java.lang.Object java.lang.invoke.DirectMethodHandle$Holder.invokeStatic(java.lang.Object, java.lang.Object, int, java.lang.Object)'> (0x00000000876579f0) 
thrown [s\open\src\hotspot\share\interpreter\linkResolver.cpp, line 805]
Event: 10.215 Thread 0x0000021d481ab250 Exception <a 'java/lang/NoSuchMethodError'{0x000000008765fb50}: 'java.lang.Object java.lang.invoke.DirectMethodHandle$Holder.invokeStaticInit(java.lang.Object, java.lang.Object, int, java.lang.Object)'> (0x000000008765fb50) 
thrown [s\open\src\hotspot\share\interpreter\linkResolver.cpp, line 805]

VM Operations (20 events):
Event: 7.243 Executing VM operation: HandshakeAllThreads (Deoptimize)
Event: 7.243 Executing VM operation: HandshakeAllThreads (Deoptimize) done
Event: 7.395 Executing VM operation: HandshakeAllThreads (Deoptimize)
Event: 7.395 Executing VM operation: HandshakeAllThreads (Deoptimize) done
Event: 7.895 Executing VM operation: G1CollectForAllocation (G1 Evacuation Pause)
Event: 7.904 Executing VM operation: G1CollectForAllocation (G1 Evacuation Pause) done
Event: 7.938 Executing VM operation: HandshakeAllThreads (Deoptimize)
Event: 7.938 Executing VM operation: HandshakeAllThreads (Deoptimize) done
Event: 7.940 Executing VM operation: HandshakeAllThreads (Deoptimize)
Event: 7.941 Executing VM operation: HandshakeAllThreads (Deoptimize) done
Event: 7.942 Executing VM operation: HandshakeAllThreads (Deoptimize)
Event: 7.942 Executing VM operation: HandshakeAllThreads (Deoptimize) done
Event: 8.172 Executing VM operation: CollectForMetadataAllocation (Metadata GC Threshold)
Event: 8.175 Executing VM operation: CollectForMetadataAllocation (Metadata GC Threshold) done
Event: 8.203 Executing VM operation: G1PauseRemark
Event: 8.208 Executing VM operation: G1PauseRemark done
Event: 8.220 Executing VM operation: G1PauseCleanup
Event: 8.220 Executing VM operation: G1PauseCleanup done
Event: 9.914 Executing VM operation: G1CollectForAllocation (G1 Evacuation Pause)
Event: 9.920 Executing VM operation: G1CollectForAllocation (G1 Evacuation Pause) done

Memory protections (0 events):
No events

Nmethod flushes (20 events):
Event: 8.207 Thread 0x0000021d64a0b000 flushing  nmethod 0x0000021d50c8ec08
Event: 8.207 Thread 0x0000021d64a0b000 flushing  nmethod 0x0000021d50c8ef08
Event: 8.207 Thread 0x0000021d64a0b000 flushing  nmethod 0x0000021d50c90488
Event: 8.207 Thread 0x0000021d64a0b000 flushing  nmethod 0x0000021d50c92088
Event: 8.207 Thread 0x0000021d64a0b000 flushing  nmethod 0x0000021d50caff88
Event: 8.207 Thread 0x0000021d64a0b000 flushing  nmethod 0x0000021d50ce9788
Event: 8.207 Thread 0x0000021d64a0b000 flushing  nmethod 0x0000021d50cea088
Event: 8.207 Thread 0x0000021d64a0b000 flushing  nmethod 0x0000021d50cff088
Event: 8.207 Thread 0x0000021d64a0b000 flushing  nmethod 0x0000021d50d2ca88
Event: 8.207 Thread 0x0000021d64a0b000 flushing  nmethod 0x0000021d50d48c88
Event: 8.207 Thread 0x0000021d64a0b000 flushing  nmethod 0x0000021d50db0808
Event: 8.207 Thread 0x0000021d64a0b000 flushing  nmethod 0x0000021d50dc0508
Event: 8.207 Thread 0x0000021d64a0b000 flushing  nmethod 0x0000021d50dc0888
Event: 8.207 Thread 0x0000021d64a0b000 flushing  nmethod 0x0000021d50dec588
Event: 8.207 Thread 0x0000021d64a0b000 flushing  nmethod 0x0000021d50e26608
Event: 8.207 Thread 0x0000021d64a0b000 flushing  nmethod 0x0000021d50e76708
Event: 8.207 Thread 0x0000021d64a0b000 flushing  nmethod 0x0000021d50e76d88
Event: 8.207 Thread 0x0000021d64a0b000 flushing  nmethod 0x0000021d50e77488
Event: 8.207 Thread 0x0000021d64a0b000 flushing  nmethod 0x0000021d50eae888
Event: 8.207 Thread 0x0000021d64a0b000 flushing  nmethod 0x0000021d50eaf288

Events (20 events):
Event: 0.562 Thread 0x0000021d481ab250 Thread added: 0x0000021d452a0e50
Event: 0.655 Thread 0x0000021d451d4ba0 Thread exited: 0x0000021d451d4ba0
Event: 0.878 Thread 0x0000021d64a2a270 Thread added: 0x0000021d45c0e130
Event: 1.057 Thread 0x0000021d64a25770 Thread added: 0x0000021d6538d370
Event: 2.357 Thread 0x0000021d481ab250 Thread added: 0x0000021d655d2b30
Event: 2.407 Thread 0x0000021d655d2b30 Thread exited: 0x0000021d655d2b30
Event: 2.613 Thread 0x0000021d481ab250 Thread added: 0x0000021d655567b0
Event: 3.351 Thread 0x0000021d655567b0 Thread exited: 0x0000021d655567b0
Event: 3.445 Thread 0x0000021d6538d370 Thread exited: 0x0000021d6538d370
Event: 3.689 Thread 0x0000021d481ab250 Thread added: 0x0000021d65c92a50
Event: 3.836 Thread 0x0000021d65c92a50 Thread exited: 0x0000021d65c92a50
Event: 3.947 Thread 0x0000021d64a2a270 Thread added: 0x0000021d65b171e0
Event: 7.401 Thread 0x0000021d481ab250 Thread added: 0x0000021d67d8b010
Event: 7.405 Thread 0x0000021d481ab250 Thread added: 0x0000021d6514a1e0
Event: 7.412 Thread 0x0000021d481ab250 Thread added: 0x0000021d65bde7a0
Event: 7.478 Thread 0x0000021d481ab250 Thread added: 0x0000021d65bdeef0
Event: 8.346 Thread 0x0000021d65b171e0 Thread exited: 0x0000021d65b171e0
Event: 9.459 Thread 0x0000021d481ab250 Thread added: 0x0000021d65bde050
Event: 9.551 Thread 0x0000021d45c0e130 Thread exited: 0x0000021d45c0e130
Event: 9.564 Thread 0x0000021d65bde050 Thread added: 0x0000021d65bdf640


Dynamic libraries:
0x00007ff79d400000 - 0x00007ff79d410000 	C:\Program Files\Java\jdk-24\bin\java.exe
0x00007ffae4b90000 - 0x00007ffae4da7000 	C:\WINDOWS\SYSTEM32\ntdll.dll
0x00007ffae3e50000 - 0x00007ffae3f14000 	C:\WINDOWS\System32\KERNEL32.DLL
0x00007ffae1d20000 - 0x00007ffae20f3000 	C:\WINDOWS\System32\KERNELBASE.dll
0x00007ffae2650000 - 0x00007ffae2761000 	C:\WINDOWS\System32\ucrtbase.dll
0x00007ffacb510000 - 0x00007ffacb526000 	C:\Program Files\Java\jdk-24\bin\jli.dll
0x00007ffae3360000 - 0x00007ffae3511000 	C:\WINDOWS\System32\USER32.dll
0x00007ffac9790000 - 0x00007ffac9a2b000 	C:\WINDOWS\WinSxS\amd64_microsoft.windows.common-controls_6595b64144ccf1df_6.0.22621.5262_none_2712bde373830908\COMCTL32.dll
0x00007ffae2460000 - 0x00007ffae2486000 	C:\WINDOWS\System32\win32u.dll
0x00007ffae32b0000 - 0x00007ffae3357000 	C:\WINDOWS\System32\msvcrt.dll
0x00007ffae4a70000 - 0x00007ffae4a99000 	C:\WINDOWS\System32\GDI32.dll
0x00007ffae2330000 - 0x00007ffae2452000 	C:\WINDOWS\System32\gdi32full.dll
0x00007ffae1c80000 - 0x00007ffae1d1a000 	C:\WINDOWS\System32\msvcp_win.dll
0x00007ffaddae0000 - 0x00007ffaddafb000 	C:\Program Files\Java\jdk-24\bin\VCRUNTIME140.dll
0x00007ffae4490000 - 0x00007ffae44c1000 	C:\WINDOWS\System32\IMM32.DLL
0x00007ffadda70000 - 0x00007ffadda7c000 	C:\Program Files\Java\jdk-24\bin\vcruntime140_1.dll
0x00007ffab1bb0000 - 0x00007ffab1c3e000 	C:\Program Files\Java\jdk-24\bin\msvcp140.dll
0x00007ffa37e40000 - 0x00007ffa38be2000 	C:\Program Files\Java\jdk-24\bin\server\jvm.dll
0x00007ffae2bb0000 - 0x00007ffae2c61000 	C:\WINDOWS\System32\ADVAPI32.dll
0x00007ffae4950000 - 0x00007ffae49f7000 	C:\WINDOWS\System32\sechost.dll
0x00007ffae27f0000 - 0x00007ffae2818000 	C:\WINDOWS\System32\bcrypt.dll
0x00007ffae3110000 - 0x00007ffae3224000 	C:\WINDOWS\System32\RPCRT4.dll
0x00007ffae41b0000 - 0x00007ffae4221000 	C:\WINDOWS\System32\WS2_32.dll
0x00007ffae1140000 - 0x00007ffae118d000 	C:\WINDOWS\SYSTEM32\POWRPROF.dll
0x00007ffadd2c0000 - 0x00007ffadd2f4000 	C:\WINDOWS\SYSTEM32\WINMM.dll
0x00007ffadce50000 - 0x00007ffadce5a000 	C:\WINDOWS\SYSTEM32\VERSION.dll
0x00007ffae1110000 - 0x00007ffae1123000 	C:\WINDOWS\SYSTEM32\UMPDC.dll
0x00007ffae0d10000 - 0x00007ffae0d28000 	C:\WINDOWS\SYSTEM32\kernel.appcore.dll
0x00007ffacac20000 - 0x00007ffacac2a000 	C:\Program Files\Java\jdk-24\bin\jimage.dll
0x00007ffadeac0000 - 0x00007ffadecf2000 	C:\WINDOWS\SYSTEM32\DBGHELP.DLL
0x00007ffae2d70000 - 0x00007ffae3103000 	C:\WINDOWS\System32\combase.dll
0x00007ffae2c70000 - 0x00007ffae2d47000 	C:\WINDOWS\System32\OLEAUT32.dll
0x00007ffad4390000 - 0x00007ffad43c2000 	C:\WINDOWS\SYSTEM32\dbgcore.DLL
0x00007ffae2770000 - 0x00007ffae27eb000 	C:\WINDOWS\System32\bcryptPrimitives.dll
0x00007ffadc8c0000 - 0x00007ffadc8cf000 	C:\Program Files\Java\jdk-24\bin\instrument.dll
0x00007ffaca3c0000 - 0x00007ffaca3de000 	C:\Program Files\Java\jdk-24\bin\java.dll
0x00007ffae29f0000 - 0x00007ffae2b91000 	C:\WINDOWS\System32\ole32.dll
0x00007ffae35b0000 - 0x00007ffae3e4d000 	C:\WINDOWS\System32\SHELL32.dll
0x00007ffae2490000 - 0x00007ffae25cf000 	C:\WINDOWS\System32\wintypes.dll
0x00007ffadfb70000 - 0x00007ffae048d000 	C:\WINDOWS\SYSTEM32\windows.storage.dll
0x00007ffae3f90000 - 0x00007ffae409b000 	C:\WINDOWS\System32\SHCORE.dll
0x00007ffae3f20000 - 0x00007ffae3f86000 	C:\WINDOWS\System32\shlwapi.dll
0x00007ffae1bb0000 - 0x00007ffae1bdb000 	C:\WINDOWS\SYSTEM32\profapi.dll
0x00007ffab1ad0000 - 0x00007ffab1ba7000 	C:\Program Files\Java\jdk-24\bin\jsvml.dll
0x00007ffaca9a0000 - 0x00007ffaca9b7000 	C:\Program Files\Java\jdk-24\bin\zip.dll
0x00007ffacaa10000 - 0x00007ffacaa20000 	C:\Program Files\Java\jdk-24\bin\net.dll
0x00007ffae1230000 - 0x00007ffae129a000 	C:\WINDOWS\system32\mswsock.dll
0x00007ffac2aa0000 - 0x00007ffac2ab6000 	C:\Program Files\Java\jdk-24\bin\nio.dll
0x00007ffaca990000 - 0x00007ffaca999000 	C:\Program Files\Java\jdk-24\bin\extnet.dll
0x00007ffae06e0000 - 0x00007ffae070d000 	C:\WINDOWS\SYSTEM32\IPHLPAPI.DLL
0x00007ffae4230000 - 0x00007ffae4239000 	C:\WINDOWS\System32\NSI.dll
0x00007ffae0710000 - 0x00007ffae0808000 	C:\WINDOWS\SYSTEM32\DNSAPI.dll
0x00007ffadce20000 - 0x00007ffadce2a000 	C:\Windows\System32\rasadhlp.dll
0x00007ffadcf50000 - 0x00007ffadcfd3000 	C:\WINDOWS\System32\fwpuclnt.dll
0x00007ffaca9f0000 - 0x00007ffaca9fe000 	C:\Program Files\Java\jdk-24\bin\sunmscapi.dll
0x00007ffae21c0000 - 0x00007ffae2327000 	C:\WINDOWS\System32\CRYPT32.dll
0x00007ffae1640000 - 0x00007ffae166d000 	C:\WINDOWS\SYSTEM32\ncrypt.dll
0x00007ffae1600000 - 0x00007ffae1637000 	C:\WINDOWS\SYSTEM32\NTASN1.dll
0x00007ffae1490000 - 0x00007ffae14ab000 	C:\WINDOWS\SYSTEM32\CRYPTSP.dll
0x00007ffae0bf0000 - 0x00007ffae0c27000 	C:\WINDOWS\system32\rsaenh.dll
0x00007ffae1320000 - 0x00007ffae1348000 	C:\WINDOWS\SYSTEM32\USERENV.dll
0x00007ffae1480000 - 0x00007ffae148c000 	C:\WINDOWS\SYSTEM32\CRYPTBASE.dll
0x00007ffaceb90000 - 0x00007ffaceb9a000 	C:\Program Files\Java\jdk-24\bin\management.dll
0x00007ffaccb50000 - 0x00007ffaccb5b000 	C:\Program Files\Java\jdk-24\bin\management_ext.dll
0x00007ffae43b0000 - 0x00007ffae43b8000 	C:\WINDOWS\System32\PSAPI.DLL
0x00007ffaca630000 - 0x00007ffaca640000 	C:\Program Files\Java\jdk-24\bin\verify.dll

dbghelp: loaded successfully - version: 4.0.5 - missing functions: none
symbol engine: initialized successfully - sym options: 0x614 - pdb path: .;C:\Program Files\Java\jdk-24\bin;C:\WINDOWS\SYSTEM32;C:\WINDOWS\WinSxS\amd64_microsoft.windows.common-controls_6595b64144ccf1df_6.0.22621.5262_none_2712bde373830908;C:\Program Files\Java\jdk-24\bin\server

VM Arguments:
jvm_args: -javaagent:D:\IntelliJ IDEA Community Edition 2024.3.5\lib\idea_rt.jar=52306 -Dfile.encoding=UTF-8 -Dsun.stdout.encoding=UTF-8 -Dsun.stderr.encoding=UTF-8 
java_command: com.example.quizconfig.QuizConfigApplication
java_class_path (initial): D:\Phat trien PM huong DV\Pj Cuoi ki\mid-project-189692116\services\quiz-config\target\classes;C:\Users\win\.m2\repository\org\springframework\boot\spring-boot-starter-data-jpa\3.4.5\spring-boot-starter-data-jpa-3.4.5.jar;C:\Users\win\.m2\repository\org\springframework\boot\spring-boot-starter\3.4.5\spring-boot-starter-3.4.5.jar;C:\Users\win\.m2\repository\org\springframework\boot\spring-boot\3.4.5\spring-boot-3.4.5.jar;C:\Users\win\.m2\repository\org\springframework\boot\spring-boot-autoconfigure\3.4.5\spring-boot-autoconfigure-3.4.5.jar;C:\Users\win\.m2\repository\org\springframework\boot\spring-boot-starter-logging\3.4.5\spring-boot-starter-logging-3.4.5.jar;C:\Users\win\.m2\repository\ch\qos\logback\logback-classic\1.5.18\logback-classic-1.5.18.jar;C:\Users\win\.m2\repository\ch\qos\logback\logback-core\1.5.18\logback-core-1.5.18.jar;C:\Users\win\.m2\repository\org\apache\logging\log4j\log4j-to-slf4j\2.24.3\log4j-to-slf4j-2.24.3.jar;C:\Users\win\.m2\repository\org\apache\logging\log4j\log4j-api\2.24.3\log4j-api-2.24.3.jar;C:\Users\win\.m2\repository\org\slf4j\jul-to-slf4j\2.0.17\jul-to-slf4j-2.0.17.jar;C:\Users\win\.m2\repository\jakarta\annotation\jakarta.annotation-api\2.1.1\jakarta.annotation-api-2.1.1.jar;C:\Users\win\.m2\repository\org\yaml\snakeyaml\2.3\snakeyaml-2.3.jar;C:\Users\win\.m2\repository\org\springframework\boot\spring-boot-starter-jdbc\3.4.5\spring-boot-starter-jdbc-3.4.5.jar;C:\Users\win\.m2\repository\com\zaxxer\HikariCP\5.1.0\HikariCP-5.1.0.jar;C:\Users\win\.m2\repository\org\springframework\spring-jdbc\6.2.6\spring-jdbc-6.2.6.jar;C:\Users\win\.m2\repository\org\hibernate\orm\hibernate-core\6.6.13.Final\hibernate-core-6.6.13.Final.jar;C:\Users\win\.m2\repository\jakarta\persistence\jakarta.persistence-api\3.1.0\jakarta.persistence-api-3.1.0.jar;C:\Users\win\.m2\repository\jakarta\transaction\jakarta.transaction-api\2.0.1\jakarta.transaction-api-2.0.1.jar;C:\Users\win\.m2\repository\org\jboss\logging\jboss-logging\3.6.1.Final\jboss-logging-3.6.1.Final.jar;C:\Users\win\.m2\repository\org\hibernate\common\hibernate-commons-annotations\7.0.3.Final\hibernate-commons-annotations-7.0.3.Final.jar;C:\Users\win\.m2\repository\io\smallrye\jandex\3.2.0\jandex-3.2.0.jar;C:\Users\win\.m2\repository\com\fasterxml\classmate\1.7.0\classmate-1.7.0.jar;C:\Users\win\.m2\repository\net\bytebuddy\byte-buddy\1.15.11\byte-buddy-1.15.11.jar;C:\Users\win\.m2\repository\org\glassfish\jaxb\jaxb-runtime\4.0.5\jaxb-runtime-4.0.5.jar;C:\Users\win\.m2\repository\org\glassfish\jaxb\jaxb-core\4.0.5\jaxb-core-4.0.5.jar;C:\Users\win\.m2\repository\org\eclipse\angus\angus-activation\2.0.2\angus-activation-2.0.2.jar;C:\Users\win\.m2\repository\org\glassfish\jaxb\txw2\4.0.5\txw2-4.0.5.jar;C:\Users\win\.m2\repository\com\sun\istack\istack-commons-runtime\4.1.2\istack-commons-runtime-4.1.2.jar;C:\Users\win\.m2\repository\jakarta\inject\jakarta.inject-api\2.0.1\jakarta.inject-api-2.0.1.jar;C:\Users\win\.m2\repository\org\antlr\antlr4-runtime\4.13.0\antlr4-runtime-4.13.0.jar;C:\Users\win\.m2\repository\org\springframework\data\spring-data-jpa\3.4.5\spring-data-jpa-3.4.5.jar;C:\Users\win\.m2\repository\org\springframework\data\spring-data-commons\3.4.5\spring-data-commons-3.4.5.jar;C:\Users\win\.m2\repository\org\springframework\spring-orm\6.2.6\spring-orm-6.2.6.jar;C:\Users\win\.m2\repository\org\springframework\spring-context\6.2.6\spring-context-6.2.6.jar;C:\Users\win\.m2\repository\org\springframework\spring-aop\6.2.6\spring-aop-6.2.6.jar;C:\Users\win\.m2\repository\org\springframework\spring-tx\6.2.6\spring-tx-6.2.6.jar;C:\Users\win\.m2\repository\org\springframework\spring-beans\6.2.6\spring-beans-6.2.6.jar;C:\Users\win\.m2\repository\org\slf4j\slf4j-api\2.0.17\slf4j-api-2.0.17.jar;C:\Users\win\.m2\repository\org\springframework\spring-aspects\6.2.6\spring-aspects-6.2.6.jar;C:\Users\win\.m2\repository\org\aspectj\aspectjweaver\1.9.24\aspectjweaver-1.9.24.jar;C:\Users\win\.m2\repository\org\springframework\boot\spring-boot-starter-web\3.4.5\spring-boot-starter-web-3.4.5.jar;C:\Users\win\.m2\repository\org\springframework\boot\spring-boot-starter-json\3.4.5\spring-boot-starter-json-3.4.5.jar;C:\Users\win\.m2\repository\com\fasterxml\jackson\core\jackson-databind\2.18.3\jackson-databind-2.18.3.jar;C:\Users\win\.m2\repository\com\fasterxml\jackson\datatype\jackson-datatype-jdk8\2.18.3\jackson-datatype-jdk8-2.18.3.jar;C:\Users\win\.m2\repository\com\fasterxml\jackson\datatype\jackson-datatype-jsr310\2.18.3\jackson-datatype-jsr310-2.18.3.jar;C:\Users\win\.m2\repository\com\fasterxml\jackson\module\jackson-module-parameter-names\2.18.3\jackson-module-parameter-names-2.18.3.jar;C:\Users\win\.m2\repository\org\springframework\boot\spring-boot-starter-tomcat\3.4.5\spring-boot-starter-tomcat-3.4.5.jar;C:\Users\win\.m2\repository\org\apache\tomcat\embed\tomcat-embed-core\10.1.40\tomcat-embed-core-10.1.40.jar;C:\Users\win\.m2\repository\org\apache\tomcat\embed\tomcat-embed-el\10.1.40\tomcat-embed-el-10.1.40.jar;C:\Users\win\.m2\repository\org\apache\tomcat\embed\tomcat-embed-websocket\10.1.40\tomcat-embed-websocket-10.1.40.jar;C:\Users\win\.m2\repository\org\springframework\spring-web\6.2.6\spring-web-6.2.6.jar;C:\Users\win\.m2\repository\io\micrometer\micrometer-observation\1.14.6\micrometer-observation-1.14.6.jar;C:\Users\win\.m2\repository\io\micrometer\micrometer-commons\1.14.6\micrometer-commons-1.14.6.jar;C:\Users\win\.m2\repository\org\springframework\spring-webmvc\6.2.6\spring-webmvc-6.2.6.jar;C:\Users\win\.m2\repository\org\springframework\spring-expression\6.2.6\spring-expression-6.2.6.jar;C:\Users\win\.m2\repository\org\springframework\cloud\spring-cloud-starter-netflix-eureka-client\4.2.1\spring-cloud-starter-netflix-eureka-client-4.2.1.jar;C:\Users\win\.m2\repository\org\springframework\cloud\spring-cloud-starter\4.2.1\spring-cloud-starter-4.2.1.jar;C:\Users\win\.m2\repository\org\springframework\cloud\spring-cloud-context\4.2.1\spring-cloud-context-4.2.1.jar;C:\Users\win\.m2\repository\org\springframework\security\spring-security-crypto\6.4.5\spring-security-crypto-6.4.5.jar;C:\Users\win\.m2\repository\org\springframework\cloud\spring-cloud-commons\4.2.1\spring-cloud-commons-4.2.1.jar;C:\Users\win\.m2\repository\org\bouncycastle\bcprov-jdk18on\1.78.1\bcprov-jdk18on-1.78.1.jar;C:\Users\win\.m2\repository\org\springframework\cloud\spring-cloud-netflix-eureka-client\4.2.1\spring-cloud-netflix-eureka-client-4.2.1.jar;C:\Users\win\.m2\repository\org\apache\httpcomponents\client5\httpclient5\5.4.3\httpclient5-5.4.3.jar;C:\Users\win\.m2\repository\org\apache\httpcomponents\core5\httpcore5\5.3.4\httpcore5-5.3.4.jar;C:\Users\win\.m2\repository\org\apache\httpcomponents\core5\httpcore5-h2\5.3.4\httpcore5-h2-5.3.4.jar;C:\Users\win\.m2\repository\com\netflix\eureka\eureka-client\2.0.4\eureka-client-2.0.4.jar;C:\Users\win\.m2\repository\com\thoughtworks\xstream\xstream\1.4.20\xstream-1.4.20.jar;C:\Users\win\.m2\repository\io\github\x-stream\mxparser\1.2.2\mxparser-1.2.2.jar;C:\Users\win\.m2\repository\xmlpull\xmlpull\1.1.3.1\xmlpull-1.1.3.1.jar;C:\Users\win\.m2\repository\jakarta\ws\rs\jakarta.ws.rs-api\3.1.0\jakarta.ws.rs-api-3.1.0.jar;C:\Users\win\.m2\repository\com\netflix\spectator\spectator-api\1.7.3\spectator-api-1.7.3.jar;C:\Users\win\.m2\repository\org\apache\httpcomponents\httpclient\4.5.3\httpclient-4.5.3.jar;C:\Users\win\.m2\repository\org\apache\httpcomponents\httpcore\4.4.16\httpcore-4.4.16.jar;C:\Users\win\.m2\repository\commons-codec\commons-codec\1.17.2\commons-codec-1.17.2.jar;C:\Users\win\.m2\repository\commons-configuration\commons-configuration\1.10\commons-configuration-1.10.jar;C:\Users\win\.m2\repository\commons-lang\commons-lang\2.6\commons-lang-2.6.jar;C:\Users\win\.m2\repository\com\fasterxml\jackson\core\jackson-annotations\2.18.3\jackson-annotations-2.18.3.jar;C:\Users\win\.m2\repository\com\fasterxml\jackson\core\jackson-core\2.18.3\jackson-core-2.18.3.jar;C:\Users\win\.m2\repository\com\netflix\netflix-commons\netflix-eventbus\0.3.0\netflix-eventbus-0.3.0.jar;C:\Users\win\.m2\repository\com\netflix\netflix-commons\netflix-infix\0.3.0\netflix-infix-0.3.0.jar;C:\Users\win\.m2\repository\commons-jxpath\commons-jxpath\1.3\commons-jxpath-1.3.jar;C:\Users\win\.m2\repository\joda-time\joda-time\2.3\joda-time-2.3.jar;C:\Users\win\.m2\repository\org\antlr\antlr-runtime\3.4\antlr-runtime-3.4.jar;C:\Users\win\.m2\repository\org\antlr\stringtemplate\3.2.1\stringtemplate-3.2.1.jar;C:\Users\win\.m2\repository\antlr\antlr\2.7.7\antlr-2.7.7.jar;C:\Users\win\.m2\repository\com\google\guava\guava\14.0.1\guava-14.0.1.jar;C:\Users\win\.m2\repository\com\google\code\gson\gson\2.11.0\gson-2.11.0.jar;C:\Users\win\.m2\repository\com\google\errorprone\error_prone_annotations\2.27.0\error_prone_annotations-2.27.0.jar;C:\Users\win\.m2\repository\com\netflix\servo\servo-core\0.5.3\servo-core-0.5.3.jar;C:\Users\win\.m2\repository\org\apache\commons\commons-math\2.2\commons-math-2.2.jar;C:\Users\win\.m2\repository\javax\annotation\javax.annotation-api\1.2\javax.annotation-api-1.2.jar;C:\Users\win\.m2\repository\org\codehaus\jettison\jettison\1.5.4\jettison-1.5.4.jar;C:\Users\win\.m2\repository\org\springframework\cloud\spring-cloud-starter-loadbalancer\4.2.1\spring-cloud-starter-loadbalancer-4.2.1.jar;C:\Users\win\.m2\repository\org\springframework\cloud\spring-cloud-loadbalancer\4.2.1\spring-cloud-loadbalancer-4.2.1.jar;C:\Users\win\.m2\repository\io\projectreactor\reactor-core\3.7.5\reactor-core-3.7.5.jar;C:\Users\win\.m2\repository\org\reactivestreams\reactive-streams\1.0.4\reactive-streams-1.0.4.jar;C:\Users\win\.m2\repository\io\projectreactor\addons\reactor-extra\3.5.2\reactor-extra-3.5.2.jar;C:\Users\win\.m2\repository\org\springframework\boot\spring-boot-starter-cache\3.4.5\spring-boot-starter-cache-3.4.5.jar;C:\Users\win\.m2\repository\org\springframework\spring-context-support\6.2.6\spring-context-support-6.2.6.jar;C:\Users\win\.m2\repository\com\stoyanr\evictor\1.0.0\evictor-1.0.0.jar;C:\Users\win\.m2\repository\com\mysql\mysql-connector-j\9.1.0\mysql-connector-j-9.1.0.jar;C:\Users\win\.m2\repository\org\projectlombok\lombok\1.18.38\lombok-1.18.38.jar;C:\Users\win\.m2\repository\jakarta\xml\bind\jakarta.xml.bind-api\4.0.2\jakarta.xml.bind-api-4.0.2.jar;C:\Users\win\.m2\repository\jakarta\activation\jakarta.activation-api\2.1.3\jakarta.activation-api-2.1.3.jar;C:\Users\win\.m2\repository\org\springframework\spring-core\6.2.6\spring-core-6.2.6.jar;C:\Users\win\.m2\repository\org\springframework\spring-jcl\6.2.6\spring-jcl-6.2.6.jar
Launcher Type: SUN_STANDARD

[Global flags]
     intx CICompilerCount                          = 4                                         {product} {ergonomic}
     uint ConcGCThreads                            = 2                                         {product} {ergonomic}
     uint G1ConcRefinementThreads                  = 8                                         {product} {ergonomic}
   size_t G1HeapRegionSize                         = 1048576                                   {product} {ergonomic}
   size_t InitialHeapSize                          = 132120576                                 {product} {ergonomic}
   size_t MarkStackSize                            = 4194304                                   {product} {ergonomic}
   size_t MarkStackSizeMax                         = 536870912                                 {product} {ergonomic}
   size_t MaxHeapSize                              = 2090860544                                {product} {ergonomic}
   size_t MaxNewSize                               = 1254096896                                {product} {ergonomic}
   size_t MinHeapDeltaBytes                        = 1048576                                   {product} {ergonomic}
   size_t MinHeapSize                              = 8388608                                   {product} {ergonomic}
    uintx NonNMethodCodeHeapSize                   = 5832704                                {pd product} {ergonomic}
    uintx NonProfiledCodeHeapSize                  = 122945536                              {pd product} {ergonomic}
    uintx ProfiledCodeHeapSize                     = 122880000                              {pd product} {ergonomic}
    uintx ReservedCodeCacheSize                    = 251658240                              {pd product} {ergonomic}
     bool SegmentedCodeCache                       = true                                      {product} {ergonomic}
   size_t SoftMaxHeapSize                          = 2090860544                             {manageable} {ergonomic}
     bool UseCompressedOops                        = true                           {product lp64_product} {ergonomic}
     bool UseG1GC                                  = true                                      {product} {ergonomic}
     bool UseLargePagesIndividualAllocation        = false                                  {pd product} {ergonomic}

Logging:
Log output configuration:
 #0: stdout all=warning uptime,level,tags foldmultilines=false
 #1: stderr all=off uptime,level,tags foldmultilines=false

Environment Variables:
JAVA_HOME=C:\Program Files\Java\jdk-24
PATH=C:\Program Files\Common Files\Oracle\Java\javapath;C:\WINDOWS\system32;C:\WINDOWS;C:\WINDOWS\System32\Wbem;C:\WINDOWS\System32\WindowsPowerShell\v1.0\;C:\WINDOWS\System32\OpenSSH\;C:\Program Files\Microsoft VS Code\bin;C:\MinGW\bin;C:\Program Files\Git\cmd;C:\Program Files (x86)\Microsoft SQL Server\160\Tools\Binn\;C:\Program Files\Microsoft SQL Server\160\Tools\Binn\;C:\Program Files\Microsoft SQL Server\Client SDK\ODBC\170\Tools\Binn\;C:\Program Files\Microsoft SQL Server\160\DTS\Binn\;C:\Program Files (x86)\Microsoft SQL Server\160\DTS\Binn\;C:\Program Files\nodejs\;C:\Program Files\Docker\Docker\resources\bin;C:\Users\win\AppData\Local\Programs\Python\Python310\Scripts\;C:\Users\win\AppData\Local\Programs\Python\Python310\;C:\Users\win\AppData\Local\Programs\Python\Python313\Scripts\;C:\Users\win\AppData\Local\Programs\Python\Python313\;C:\Users\win\AppData\Local\Microsoft\WindowsApps;;C:\Program Files\Azure Data Studio\bin;C:\Users\win\AppData\Roaming\npm;D:\IntelliJ IDEA Community Edition 2024.3.5\bin;
USERNAME=win
OS=Windows_NT
PROCESSOR_IDENTIFIER=Intel64 Family 6 Model 140 Stepping 1, GenuineIntel
TMP=C:\Users\win\AppData\Local\Temp
TEMP=C:\Users\win\AppData\Local\Temp




Periodic native trim disabled

---------------  S Y S T E M  ---------------

OS:
 Windows 11 , 64 bit Build 22621 (10.0.22621.5262)
OS uptime: 0 days 12:28 hours
Hyper-V role detected

CPU: total 8 (initial active 8) (4 cores per cpu, 2 threads per core) family 6 model 140 stepping 1 microcode 0x9a, cx8, cmov, fxsr, ht, mmx, 3dnowpref, sse, sse2, sse3, ssse3, sse4.1, sse4.2, popcnt, lzcnt, tsc, tscinvbit, avx, avx2, aes, erms, clmul, bmi1, bmi2, adx, avx512f, avx512dq, avx512cd, avx512bw, avx512vl, sha, fma, vzeroupper, avx512_vpopcntdq, avx512_vpclmulqdq, avx512_vaes, avx512_vnni, clflush, clflushopt, clwb, avx512_vbmi2, avx512_vbmi, hv, rdtscp, rdpid, fsrm, gfni, avx512_bitalg, f16c, cet_ibt, cet_ss, avx512_ifma
Processor Information for the first 8 processors :
  Max Mhz: 2419, Current Mhz: 2419, Mhz Limit: 2419

Memory: 4k page, system-wide physical 7975M (819M free)
TotalPageFile size 29373M (AvailPageFile size 1M)
current process WorkingSet (physical memory assigned to process): 245M, peak: 245M
current process commit charge ("private bytes"): 282M, peak: 300M

vm_info: Java HotSpot(TM) 64-Bit Server VM (24+36-3646) for windows-amd64 JRE (24+36-3646), built on 2025-02-06T00:20:43Z with MS VC++ 17.6 (VS2022)

END.
